"../../../Engine/Content/EditorResources/S_Actor.ubulk" 0
"../../../Engine/Content/EditorResources/S_Actor.uasset" 1
"../../../Engine/Content/EditorResources/S_Actor.uexp" 2
"../../../Engine/Content/EditorResources/S_BoxReflectionCapture.uasset" 3
"../../../Engine/Content/EditorResources/S_BoxReflectionCapture.uexp" 4
"../../../Engine/Content/EngineResources/DefaultTexture.ubulk" 5
"../../../Engine/Content/EngineResources/DefaultTexture.uasset" 6
"../../../Engine/Content/EngineResources/DefaultTexture.uexp" 7
"../../../Engine/Content/EngineResources/DefaultTextureCube.uasset" 8
"../../../Engine/Content/EngineResources/DefaultTextureCube.uexp" 9
"../../../Engine/Content/EngineResources/DefaultVolumeTexture2D.uasset" 10
"../../../Engine/Content/EngineResources/DefaultVolumeTexture2D.uexp" 11
"../../../Engine/Content/EngineResources/DefaultVolumeTexture.uasset" 12
"../../../Engine/Content/EngineResources/DefaultVolumeTexture.uexp" 13
"../../../Engine/Content/EditorResources/S_Trigger.ubulk" 14
"../../../Engine/Content/EditorResources/S_Trigger.uasset" 15
"../../../Engine/Content/EditorResources/S_Trigger.uexp" 16
"../../../Engine/Content/EditorResources/S_TriggerBox.uasset" 17
"../../../Engine/Content/EditorResources/S_TriggerBox.uexp" 18
"../../../Engine/Content/EditorResources/S_TriggerCapsule.uasset" 19
"../../../Engine/Content/EditorResources/S_TriggerCapsule.uexp" 20
"../../../Engine/Content/EditorResources/S_TriggerSphere.uasset" 21
"../../../Engine/Content/EditorResources/S_TriggerSphere.uexp" 22
"../../../Engine/Content/EngineMeshes/Sphere.ubulk" 23
"../../../Engine/Content/EngineMeshes/Sphere.uasset" 24
"../../../Engine/Content/EngineMeshes/Sphere.uexp" 25
"../../../Engine/Content/EngineResources/GradientTexture0.uasset" 26
"../../../Engine/Content/EngineResources/GradientTexture0.uexp" 27
"../../../Engine/Content/EngineResources/Black.uasset" 28
"../../../Engine/Content/EngineResources/Black.uexp" 29
"../../../Engine/Content/VREditor/LaserPointer/VR_LaserPower_01.ubulk" 30
"../../../Engine/Content/VREditor/LaserPointer/VR_LaserPower_01.uasset" 31
"../../../Engine/Content/VREditor/LaserPointer/VR_LaserPower_01.uexp" 32
"../../../Engine/Content/VREditor/TransformGizmo/TransformGizmoMaterial.uasset" 33
"../../../Engine/Content/VREditor/TransformGizmo/TransformGizmoMaterial.uexp" 34
"../../../Engine/Content/VREditor/TransformGizmo/TranslucentTransformGizmoMaterial.uasset" 35
"../../../Engine/Content/VREditor/TransformGizmo/TranslucentTransformGizmoMaterial.uexp" 36
"../../../Engine/Content/VREditor/TransformGizmo/PlaneTranslationHandle.ubulk" 37
"../../../Engine/Content/VREditor/TransformGizmo/PlaneTranslationHandle.uasset" 38
"../../../Engine/Content/VREditor/TransformGizmo/PlaneTranslationHandle.uexp" 39
"../../../Engine/Content/VREditor/TransformGizmo/BoundingBoxCorner.ubulk" 40
"../../../Engine/Content/VREditor/TransformGizmo/BoundingBoxCorner.uasset" 41
"../../../Engine/Content/VREditor/TransformGizmo/BoundingBoxCorner.uexp" 42
"../../../Engine/Content/VREditor/TransformGizmo/BoundingBoxEdge.ubulk" 43
"../../../Engine/Content/VREditor/TransformGizmo/BoundingBoxEdge.uasset" 44
"../../../Engine/Content/VREditor/TransformGizmo/BoundingBoxEdge.uexp" 45
"../../../Engine/Content/VREditor/TransformGizmo/Main.uasset" 46
"../../../Engine/Content/VREditor/TransformGizmo/Main.uexp" 47
"../../../Engine/Content/VREditor/TransformGizmo/Xray.uasset" 48
"../../../Engine/Content/VREditor/TransformGizmo/Xray.uexp" 49
"../../../Engine/Content/VREditor/TransformGizmo/SM_Sequencer_Node.ubulk" 50
"../../../Engine/Content/VREditor/TransformGizmo/SM_Sequencer_Node.uasset" 51
"../../../Engine/Content/VREditor/TransformGizmo/SM_Sequencer_Node.uexp" 52
"../../../Engine/Content/EditorMaterials/Camera/CineMat.uasset" 53
"../../../Engine/Content/EditorMaterials/Camera/CineMat.uexp" 54
"../../../Engine/Content/EditorMaterials/Camera/MI_CineMat_Rig.uasset" 55
"../../../Engine/Content/EditorMaterials/Camera/MI_CineMat_Rig.uexp" 56
"../../../Engine/Content/EditorMeshes/Camera/SM_CraneRig_Base.ubulk" 57
"../../../Engine/Content/EditorMeshes/Camera/SM_CraneRig_Base.uasset" 58
"../../../Engine/Content/EditorMeshes/Camera/SM_CraneRig_Base.uexp" 59
"../../../Engine/Content/EditorMeshes/Camera/SM_CraneRig_Arm.ubulk" 60
"../../../Engine/Content/EditorMeshes/Camera/SM_CraneRig_Arm.uasset" 61
"../../../Engine/Content/EditorMeshes/Camera/SM_CraneRig_Arm.uexp" 62
"../../../Engine/Content/EditorMeshes/Camera/SM_CraneRig_Mount.ubulk" 63
"../../../Engine/Content/EditorMeshes/Camera/SM_CraneRig_Mount.uasset" 64
"../../../Engine/Content/EditorMeshes/Camera/SM_CraneRig_Mount.uexp" 65
"../../../Engine/Content/EditorMeshes/Camera/SM_CraneRig_Body.ubulk" 66
"../../../Engine/Content/EditorMeshes/Camera/SM_CraneRig_Body.uasset" 67
"../../../Engine/Content/EditorMeshes/Camera/SM_CraneRig_Body.uexp" 68
"../../../Engine/Content/EditorMeshes/Camera/SM_RailRig_Track.ubulk" 69
"../../../Engine/Content/EditorMeshes/Camera/SM_RailRig_Track.uasset" 70
"../../../Engine/Content/EditorMeshes/Camera/SM_RailRig_Track.uexp" 71
"../../../Engine/Content/EditorMeshes/Camera/SM_RailRig_Mount.ubulk" 72
"../../../Engine/Content/EditorMeshes/Camera/SM_RailRig_Mount.uasset" 73
"../../../Engine/Content/EditorMeshes/Camera/SM_RailRig_Mount.uexp" 74
"../../../Engine/Content/EngineMaterials/T_Default_Material_Grid_M.ubulk" 75
"../../../Engine/Content/EngineMaterials/T_Default_Material_Grid_M.uasset" 76
"../../../Engine/Content/EngineMaterials/T_Default_Material_Grid_M.uexp" 77
"../../../Engine/Content/EngineMaterials/T_Default_Material_Grid_N.ubulk" 78
"../../../Engine/Content/EngineMaterials/T_Default_Material_Grid_N.uasset" 79
"../../../Engine/Content/EngineMaterials/T_Default_Material_Grid_N.uexp" 80
"../../../Engine/Content/Functions/Engine_MaterialFunctions01/Opacity/CameraDepthFade.uasset" 81
"../../../Engine/Content/Functions/Engine_MaterialFunctions01/Opacity/CameraDepthFade.uexp" 82
"../../../Engine/Content/EngineMaterials/WorldGridMaterial.uasset" 83
"../../../Engine/Content/EngineMaterials/WorldGridMaterial.uexp" 84
"../../../Engine/Content/ArtTools/RenderToTexture/Meshes/S_1_Unit_Plane.ubulk" 85
"../../../Engine/Content/ArtTools/RenderToTexture/Meshes/S_1_Unit_Plane.uasset" 86
"../../../Engine/Content/ArtTools/RenderToTexture/Meshes/S_1_Unit_Plane.uexp" 87
"../../../Engine/Content/EditorMaterials/ParticleSystems/PSysThumbnail_NoImage.ubulk" 88
"../../../Engine/Content/EditorMaterials/ParticleSystems/PSysThumbnail_NoImage.uasset" 89
"../../../Engine/Content/EditorMaterials/ParticleSystems/PSysThumbnail_NoImage.uexp" 90
"../../../Engine/Content/EditorMaterials/ParticleSystems/PSysThumbnail_OOD.ubulk" 91
"../../../Engine/Content/EditorMaterials/ParticleSystems/PSysThumbnail_OOD.uasset" 92
"../../../Engine/Content/EditorMaterials/ParticleSystems/PSysThumbnail_OOD.uexp" 93
"../../../Engine/Content/EditorLandscapeResources/SplineEditorMeshMat.uasset" 94
"../../../Engine/Content/EditorLandscapeResources/SplineEditorMeshMat.uexp" 95
"../../../Engine/Content/EditorLandscapeResources/SplineEditorMesh.ubulk" 96
"../../../Engine/Content/EditorLandscapeResources/SplineEditorMesh.uasset" 97
"../../../Engine/Content/EditorLandscapeResources/SplineEditorMesh.uexp" 98
"../../../Engine/Content/EditorResources/S_Solver.ubulk" 99
"../../../Engine/Content/EditorResources/S_Solver.uasset" 100
"../../../Engine/Content/EditorResources/S_Solver.uexp" 101
"../../../Engine/Plugins/Media/MediaPlate/Content/SM_MediaPlateScreen.ubulk" 102
"../../../Engine/Plugins/Media/MediaPlate/Content/SM_MediaPlateScreen.uasset" 103
"../../../Engine/Plugins/Media/MediaPlate/Content/SM_MediaPlateScreen.uexp" 104
"../../../Engine/Content/EngineMaterials/Good64x64TilingNoiseHighFreq.uasset" 105
"../../../Engine/Content/EngineMaterials/Good64x64TilingNoiseHighFreq.uexp" 106
"../../../Engine/Content/EngineMaterials/DefaultBokeh.uasset" 107
"../../../Engine/Content/EngineMaterials/DefaultBokeh.uexp" 108
"../../../Engine/Content/EngineMaterials/PreintegratedSkinBRDF.uasset" 109
"../../../Engine/Content/EngineMaterials/PreintegratedSkinBRDF.uexp" 110
"../../../Engine/Content/EngineMaterials/MiniFont.uasset" 111
"../../../Engine/Content/EngineMaterials/MiniFont.uexp" 112
"../../../Engine/Content/EngineMaterials/WeightMapPlaceholderTexture.uasset" 113
"../../../Engine/Content/EngineMaterials/WeightMapPlaceholderTexture.uexp" 114
"../../../Engine/Content/EngineMaterials/DefaultWhiteGrid.ubulk" 115
"../../../Engine/Content/EngineMaterials/DefaultWhiteGrid.uasset" 116
"../../../Engine/Content/EngineMaterials/DefaultWhiteGrid.uexp" 117
"../../../Engine/Content/Animation/DefaultRecorderBoneCompression.uasset" 118
"../../../Engine/Content/Animation/DefaultRecorderBoneCompression.uexp" 119
"../../../Engine/Content/Animation/DefaultAnimCurveCompressionSettings.uasset" 120
"../../../Engine/Content/Animation/DefaultAnimCurveCompressionSettings.uexp" 121
"../../../Engine/Content/Animation/DefaultAnimBoneCompressionSettings.uasset" 122
"../../../Engine/Content/Animation/DefaultAnimBoneCompressionSettings.uexp" 123
"../../../Engine/Content/BasicShapes/Plane.ubulk" 124
"../../../Engine/Content/BasicShapes/Plane.uasset" 125
"../../../Engine/Content/BasicShapes/Plane.uexp" 126
"../../../Engine/Content/EngineMaterials/DefaultMaterial.uasset" 127
"../../../Engine/Content/EngineMaterials/DefaultMaterial.uexp" 128
"../../../Engine/Content/BasicShapes/Cylinder.ubulk" 129
"../../../Engine/Content/BasicShapes/Cylinder.uasset" 130
"../../../Engine/Content/BasicShapes/Cylinder.uexp" 131
"../../../Engine/Content/BasicShapes/Cone.ubulk" 132
"../../../Engine/Content/BasicShapes/Cone.uasset" 133
"../../../Engine/Content/BasicShapes/Cone.uexp" 134
"../../../Engine/Content/EditorLandscapeResources/DefaultAlphaTexture.uasset" 135
"../../../Engine/Content/EditorLandscapeResources/DefaultAlphaTexture.uexp" 136
"../../../Engine/Content/EditorLandscapeResources/DataLayer.uasset" 137
"../../../Engine/Content/EditorLandscapeResources/DataLayer.uexp" 138
"../../../Engine/Content/EditorMaterials/PreviewShadowIndicator.ubulk" 139
"../../../Engine/Content/EditorMaterials/PreviewShadowIndicator.uasset" 140
"../../../Engine/Content/EditorMaterials/PreviewShadowIndicator.uexp" 141
"../../../Engine/Content/EditorMaterials/PreviewShadowIndicatorMaterial.uasset" 142
"../../../Engine/Content/EditorMaterials/PreviewShadowIndicatorMaterial.uexp" 143
"../../../Engine/Content/EditorMaterials/PhAT_UnselectedMaterial.uasset" 144
"../../../Engine/Content/EditorMaterials/PhAT_UnselectedMaterial.uexp" 145
"../../../Engine/Content/EditorMaterials/PhAT_NoCollisionMaterial.uasset" 146
"../../../Engine/Content/EditorMaterials/PhAT_NoCollisionMaterial.uexp" 147
"../../../Engine/Content/Functions/Engine_MaterialFunctions02/Utility/MakeFloat4.uasset" 148
"../../../Engine/Content/Functions/Engine_MaterialFunctions02/Utility/MakeFloat4.uexp" 149
"../../../Engine/Content/Functions/Engine_MaterialFunctions02/Utility/MakeFloat3.uasset" 150
"../../../Engine/Content/Functions/Engine_MaterialFunctions02/Utility/MakeFloat3.uexp" 151
"../../../Engine/Content/Functions/Engine_MaterialFunctions02/Utility/BreakOutFloat3Components.uasset" 152
"../../../Engine/Content/Functions/Engine_MaterialFunctions02/Utility/BreakOutFloat3Components.uexp" 153
"../../../Engine/Content/EditorMaterials/WorldPartition/WorldPartitionSpatialHashGridPreviewMaterial.uasset" 154
"../../../Engine/Content/EditorMaterials/WorldPartition/WorldPartitionSpatialHashGridPreviewMaterial.uexp" 155
"../../../Engine/Content/EditorResources/S_Terrain.ubulk" 156
"../../../Engine/Content/EditorResources/S_Terrain.uasset" 157
"../../../Engine/Content/EditorResources/S_Terrain.uexp" 158
"../../../Engine/Content/EditorResources/EmptyActor.uasset" 159
"../../../Engine/Content/EditorResources/EmptyActor.uexp" 160
"../../../Engine/Content/EditorResources/BSPVertex.uasset" 161
"../../../Engine/Content/EditorResources/BSPVertex.uexp" 162
"../../../Engine/Content/EditorResources/AudioIcons/S_AudioComponent_AutoActivate.uasset" 163
"../../../Engine/Content/EditorResources/AudioIcons/S_AudioComponent_AutoActivate.uexp" 164
"../../../Engine/Content/EditorResources/LightIcons/S_LightError.uasset" 165
"../../../Engine/Content/EditorResources/LightIcons/S_LightError.uexp" 166
"../../../Engine/Content/EditorResources/SequenceRecorder/RecordingIndicator.uasset" 167
"../../../Engine/Content/EditorResources/SequenceRecorder/RecordingIndicator.uexp" 168
"../../../Engine/Content/EditorResources/SequenceRecorder/Countdown.uasset" 169
"../../../Engine/Content/EditorResources/SequenceRecorder/Countdown.uexp" 170
"../../../Engine/Content/EngineDamageTypes/DmgTypeBP_Environmental.uasset" 171
"../../../Engine/Content/EngineDamageTypes/DmgTypeBP_Environmental.uexp" 172
"../../../Engine/Content/Functions/Engine_MaterialFunctions02/Utility/CameraDirectionVector.uasset" 173
"../../../Engine/Content/Functions/Engine_MaterialFunctions02/Utility/CameraDirectionVector.uexp" 174
"../../../Engine/Content/EngineDebugMaterials/VolumeToRender.uasset" 175
"../../../Engine/Content/EngineDebugMaterials/VolumeToRender.uexp" 176
"../../../Engine/Content/EngineDebugMaterials/M_VolumeRenderSphereTracePP.uasset" 177
"../../../Engine/Content/EngineDebugMaterials/M_VolumeRenderSphereTracePP.uexp" 178
"../../../Engine/Content/EngineDebugMaterials/M_SimpleUnlitTranslucent.uasset" 179
"../../../Engine/Content/EngineDebugMaterials/M_SimpleUnlitTranslucent.uexp" 180
"../../../Engine/Content/EngineDebugMaterials/DebugMeshMaterial.uasset" 181
"../../../Engine/Content/EngineDebugMaterials/DebugMeshMaterial.uexp" 182
"../../../Engine/Content/EngineDebugMaterials/DebugEditorMaterial.uasset" 183
"../../../Engine/Content/EngineDebugMaterials/DebugEditorMaterial.uexp" 184
"../../../Engine/Content/EngineFonts/Faces/RobotoLight.uexp" 185
"../../../Engine/Content/EngineFonts/Faces/RobotoLight.uasset" 186
"../../../Engine/Content/EngineFonts/Faces/RobotoLight.ufont" 187
"../../../Engine/Content/EngineFonts/Faces/RobotoBold.uexp" 188
"../../../Engine/Content/EngineFonts/Faces/RobotoBold.uasset" 189
"../../../Engine/Content/EngineFonts/Faces/RobotoBold.ufont" 190
"../../../Engine/Content/EngineFonts/Faces/RobotoRegular.uexp" 191
"../../../Engine/Content/EngineFonts/Faces/RobotoRegular.uasset" 192
"../../../Engine/Content/EngineFonts/Faces/RobotoRegular.ufont" 193
"../../../Engine/Content/EngineFonts/Faces/DroidSansFallback.uexp" 194
"../../../Engine/Content/EngineFonts/Faces/DroidSansFallback.uasset" 195
"../../../Engine/Content/EngineFonts/Faces/DroidSansFallback.ufont" 196
"../../../Engine/Content/EngineFonts/Faces/RobotoItalic.uexp" 197
"../../../Engine/Content/EngineFonts/Faces/RobotoItalic.uasset" 198
"../../../Engine/Content/EngineFonts/Faces/RobotoItalic.ufont" 199
"../../../Engine/Content/EngineFonts/Faces/RobotoBoldItalic.uexp" 200
"../../../Engine/Content/EngineFonts/Faces/RobotoBoldItalic.uasset" 201
"../../../Engine/Content/EngineFonts/Faces/RobotoBoldItalic.ufont" 202
"../../../Engine/Content/EngineFonts/Roboto.uasset" 203
"../../../Engine/Content/EngineFonts/Roboto.uexp" 204
"../../../Engine/Content/EngineResources/WhiteSquareTexture.uasset" 205
"../../../Engine/Content/EngineResources/WhiteSquareTexture.uexp" 206
"../../../Engine/Content/EngineMaterials/Widget3DPassThrough.uasset" 207
"../../../Engine/Content/EngineMaterials/Widget3DPassThrough.uexp" 208
"../../../Engine/Content/EngineMaterials/Widget3DPassThrough_Translucent.uasset" 209
"../../../Engine/Content/EngineMaterials/Widget3DPassThrough_Translucent.uexp" 210
"../../../Engine/Content/EngineMaterials/Widget3DPassThrough_Translucent_OneSided.uasset" 211
"../../../Engine/Content/EngineMaterials/Widget3DPassThrough_Translucent_OneSided.uexp" 212
"../../../Engine/Content/EngineMaterials/Widget3DPassThrough_Opaque.uasset" 213
"../../../Engine/Content/EngineMaterials/Widget3DPassThrough_Opaque.uexp" 214
"../../../Engine/Content/EngineMaterials/Widget3DPassThrough_Opaque_OneSided.uasset" 215
"../../../Engine/Content/EngineMaterials/Widget3DPassThrough_Opaque_OneSided.uexp" 216
"../../../Engine/Content/EngineMaterials/Widget3DPassThrough_Masked_OneSided.uasset" 217
"../../../Engine/Content/EngineMaterials/Widget3DPassThrough_Masked_OneSided.uexp" 218
"../../../Engine/Content/EngineMaterials/Widget3DPassThrough_Masked.uasset" 219
"../../../Engine/Content/EngineMaterials/Widget3DPassThrough_Masked.uexp" 220
"../../../Engine/Content/EngineMaterials/STBlueNoise_vec2_128x128x64.uasset" 221
"../../../Engine/Content/EngineMaterials/STBlueNoise_vec2_128x128x64.uexp" 222
"../../../Engine/Content/EngineMaterials/STBlueNoise_scalar_128x128x64.uasset" 223
"../../../Engine/Content/EngineMaterials/STBlueNoise_scalar_128x128x64.uexp" 224
"../../../Engine/Content/EngineMaterials/RemoveSurfaceMaterial.uasset" 225
"../../../Engine/Content/EngineMaterials/RemoveSurfaceMaterial.uexp" 226
"../../../Engine/Content/EngineMaterials/DefaultCalibrationGrayscale.uasset" 227
"../../../Engine/Content/EngineMaterials/DefaultCalibrationGrayscale.uexp" 228
"../../../Engine/Content/EngineMaterials/PPM_DefaultCalibrationGrayscale.uasset" 229
"../../../Engine/Content/EngineMaterials/PPM_DefaultCalibrationGrayscale.uexp" 230
"../../../Engine/Content/EngineMaterials/DefaultCalibrationColor.uasset" 231
"../../../Engine/Content/EngineMaterials/DefaultCalibrationColor.uexp" 232
"../../../Engine/Content/EngineMaterials/PPM_DefaultCalibrationColor.uasset" 233
"../../../Engine/Content/EngineMaterials/PPM_DefaultCalibrationColor.uexp" 234
"../../../Engine/Content/Functions/Engine_MaterialFunctions02/WorldPositionOffset/CameraOffset.uasset" 235
"../../../Engine/Content/Functions/Engine_MaterialFunctions02/WorldPositionOffset/CameraOffset.uexp" 236
"../../../Engine/Content/EngineMaterials/PhAT_JointLimitMaterial.uasset" 237
"../../../Engine/Content/EngineMaterials/PhAT_JointLimitMaterial.uexp" 238
"../../../Engine/Content/EngineMaterials/InvalidLightmapSettings.ubulk" 239
"../../../Engine/Content/EngineMaterials/InvalidLightmapSettings.uasset" 240
"../../../Engine/Content/EngineMaterials/InvalidLightmapSettings.uexp" 241
"../../../Engine/Content/EngineMaterials/M_InvalidLightmapSettings.uasset" 242
"../../../Engine/Content/EngineMaterials/M_InvalidLightmapSettings.uexp" 243
"../../../Engine/Content/EngineMaterials/GizmoMaterial.uasset" 244
"../../../Engine/Content/EngineMaterials/GizmoMaterial.uexp" 245
"../../../Engine/Content/EngineMaterials/BaseFlattenEmissiveMap_VT.uasset" 246
"../../../Engine/Content/EngineMaterials/BaseFlattenEmissiveMap_VT.uexp" 247
"../../../Engine/Content/EngineMaterials/BaseFlattenGrayscaleMap_VT.uasset" 248
"../../../Engine/Content/EngineMaterials/BaseFlattenGrayscaleMap_VT.uexp" 249
"../../../Engine/Content/EngineMaterials/BaseFlattenLinearColor_VT.uasset" 250
"../../../Engine/Content/EngineMaterials/BaseFlattenLinearColor_VT.uexp" 251
"../../../Engine/Content/EngineMaterials/Black_1x1_EXR_Texture_VT.uasset" 252
"../../../Engine/Content/EngineMaterials/Black_1x1_EXR_Texture_VT.uexp" 253
"../../../Engine/Content/EngineMaterials/BaseFlattenDiffuseMap_VT.uasset" 254
"../../../Engine/Content/EngineMaterials/BaseFlattenDiffuseMap_VT.uexp" 255
"../../../Engine/Content/EngineMaterials/BaseFlattenNormalMap_VT.uasset" 256
"../../../Engine/Content/EngineMaterials/BaseFlattenNormalMap_VT.uexp" 257
"../../../Engine/Content/EngineMaterials/FlattenMaterial_WS_Normal_VT.uasset" 258
"../../../Engine/Content/EngineMaterials/FlattenMaterial_WS_Normal_VT.uexp" 259
"../../../Engine/Content/EngineMaterials/FlattenMaterial_VT.uasset" 260
"../../../Engine/Content/EngineMaterials/FlattenMaterial_VT.uexp" 261
"../../../Engine/Content/EngineMaterials/BaseFlattenNormalMap.uasset" 262
"../../../Engine/Content/EngineMaterials/BaseFlattenNormalMap.uexp" 263
"../../../Engine/Content/EngineMaterials/BaseFlattenGrayscaleMap.uasset" 264
"../../../Engine/Content/EngineMaterials/BaseFlattenGrayscaleMap.uexp" 265
"../../../Engine/Content/EngineMaterials/BaseFlattenDiffuseMap.uasset" 266
"../../../Engine/Content/EngineMaterials/BaseFlattenDiffuseMap.uexp" 267
"../../../Engine/Content/Functions/Engine_MaterialFunctions02/PivotPainter2/Black_1x1_EXR_Texture.uasset" 268
"../../../Engine/Content/Functions/Engine_MaterialFunctions02/PivotPainter2/Black_1x1_EXR_Texture.uexp" 269
"../../../Engine/Content/EngineMaterials/BaseFlattenEmissiveMap.uasset" 270
"../../../Engine/Content/EngineMaterials/BaseFlattenEmissiveMap.uexp" 271
"../../../Engine/Content/EngineMaterials/BaseFlattenLinearColor.uasset" 272
"../../../Engine/Content/EngineMaterials/BaseFlattenLinearColor.uexp" 273
"../../../Engine/Content/EngineMaterials/FlattenMaterial.uasset" 274
"../../../Engine/Content/EngineMaterials/FlattenMaterial.uexp" 275
"../../../Engine/Content/EngineMaterials/DefaultWhiteGrid_Low.uasset" 276
"../../../Engine/Content/EngineMaterials/DefaultWhiteGrid_Low.uexp" 277
"../../../Engine/Content/EngineMaterials/EmissiveMeshMaterial.uasset" 278
"../../../Engine/Content/EngineMaterials/EmissiveMeshMaterial.uexp" 279
"../../../Engine/Content/EngineFonts/RobotoDistanceField.uasset" 280
"../../../Engine/Content/EngineFonts/RobotoDistanceField.uexp" 281
"../../../Engine/Content/EngineMaterials/DefaultTextMaterialOpaque.uasset" 282
"../../../Engine/Content/EngineMaterials/DefaultTextMaterialOpaque.uexp" 283
"../../../Engine/Content/EngineMaterials/DefaultDiffuse.ubulk" 284
"../../../Engine/Content/EngineMaterials/DefaultDiffuse.uasset" 285
"../../../Engine/Content/EngineMaterials/DefaultDiffuse.uexp" 286
"../../../Engine/Content/Functions/Engine_MaterialFunctions02/Utility/BreakOutFloat2Components.uasset" 287
"../../../Engine/Content/Functions/Engine_MaterialFunctions02/Utility/BreakOutFloat2Components.uexp" 288
"../../../Engine/Content/EngineMaterials/DefaultPostProcessMaterial.uasset" 289
"../../../Engine/Content/EngineMaterials/DefaultPostProcessMaterial.uexp" 290
"../../../Engine/Content/EngineMaterials/DefaultPhysicalMaterial.uasset" 291
"../../../Engine/Content/EngineMaterials/DefaultPhysicalMaterial.uexp" 292
"../../../Engine/Content/EngineMaterials/DefaultLightFunctionMaterial.uasset" 293
"../../../Engine/Content/EngineMaterials/DefaultLightFunctionMaterial.uexp" 294
"../../../Engine/Content/EngineMaterials/DefaultDestructiblePhysicalMaterial.uasset" 295
"../../../Engine/Content/EngineMaterials/DefaultDestructiblePhysicalMaterial.uexp" 296
"../../../Engine/Content/EngineMaterials/DefaultDeferredDecalMaterial.uasset" 297
"../../../Engine/Content/EngineMaterials/DefaultDeferredDecalMaterial.uexp" 298
"../../../Engine/Content/EngineMaterials/DefaultBloomKernel.uasset" 299
"../../../Engine/Content/EngineMaterials/DefaultBloomKernel.uexp" 300
"../../../Engine/Content/EngineResources/FilmGrains/Marcie_Grain_v3_128_M2_000.uasset" 301
"../../../Engine/Content/EngineResources/FilmGrains/Marcie_Grain_v3_128_M2_000.uexp" 302
"../../../Engine/Content/EngineSky/VolumetricClouds/CloudWeatherTexture.uasset" 303
"../../../Engine/Content/EngineSky/VolumetricClouds/CloudWeatherTexture.uexp" 304
"../../../Engine/Content/Functions/Engine_MaterialFunctions02/Utility/MakeFloat2.uasset" 305
"../../../Engine/Content/Functions/Engine_MaterialFunctions02/Utility/MakeFloat2.uexp" 306
"../../../Engine/Content/EngineSky/VolumetricClouds/CloudGradientTexture.uasset" 307
"../../../Engine/Content/EngineSky/VolumetricClouds/CloudGradientTexture.uexp" 308
"../../../Engine/Content/EngineSky/VolumetricClouds/T_NoiseShape64.ubulk" 309
"../../../Engine/Content/EngineSky/VolumetricClouds/T_NoiseShape64.uasset" 310
"../../../Engine/Content/EngineSky/VolumetricClouds/T_NoiseShape64.uexp" 311
"../../../Engine/Content/EngineSky/VolumetricClouds/T_VolumeNoiseShape64.uasset" 312
"../../../Engine/Content/EngineSky/VolumetricClouds/T_VolumeNoiseShape64.uexp" 313
"../../../Engine/Content/EngineSky/VolumetricClouds/T_NoiseErosion.ubulk" 314
"../../../Engine/Content/EngineSky/VolumetricClouds/T_NoiseErosion.uasset" 315
"../../../Engine/Content/EngineSky/VolumetricClouds/T_NoiseErosion.uexp" 316
"../../../Engine/Content/EngineSky/VolumetricClouds/T_VolumeNoiseErosion32.uasset" 317
"../../../Engine/Content/EngineSky/VolumetricClouds/T_VolumeNoiseErosion32.uexp" 318
"../../../Engine/Content/EngineSky/VolumetricClouds/m_SimpleVolumetricCloud.uasset" 319
"../../../Engine/Content/EngineSky/VolumetricClouds/m_SimpleVolumetricCloud.uexp" 320
"../../../Engine/Content/EngineSky/VolumetricClouds/m_SimpleVolumetricCloud_Inst.uasset" 321
"../../../Engine/Content/EngineSky/VolumetricClouds/m_SimpleVolumetricCloud_Inst.uexp" 322
"../../../Engine/Content/EngineSounds/Master.uasset" 323
"../../../Engine/Content/EngineSounds/Master.uexp" 324
"../../../Engine/Content/Functions/Engine_MaterialFunctions01/Shading/PowerToRoughness.uasset" 325
"../../../Engine/Content/Functions/Engine_MaterialFunctions01/Shading/PowerToRoughness.uexp" 326
"../../../Engine/Content/MobileResources/HUD/VirtualJoystick_Background.uasset" 327
"../../../Engine/Content/MobileResources/HUD/VirtualJoystick_Background.uexp" 328
"../../../Engine/Content/MobileResources/HUD/VirtualJoystick_Thumb.uasset" 329
"../../../Engine/Content/MobileResources/HUD/VirtualJoystick_Thumb.uexp" 330
"../../../Engine/Content/MobileResources/HUD/DefaultVirtualJoysticks.uasset" 331
"../../../Engine/Content/MobileResources/HUD/DefaultVirtualJoysticks.uexp" 332
"../../../Engine/Plugins/2D/Paper2D/Content/PlaceholderTextures/DummySpriteTexture.ubulk" 333
"../../../Engine/Plugins/2D/Paper2D/Content/PlaceholderTextures/DummySpriteTexture.uasset" 334
"../../../Engine/Plugins/2D/Paper2D/Content/PlaceholderTextures/DummySpriteTexture.uexp" 335
"../../../Engine/Plugins/2D/Paper2D/Content/DefaultSpriteMaterial.uasset" 336
"../../../Engine/Plugins/2D/Paper2D/Content/DefaultSpriteMaterial.uexp" 337
"../../../Engine/Plugins/2D/Paper2D/Content/OpaqueUnlitSpriteMaterial.uasset" 338
"../../../Engine/Plugins/2D/Paper2D/Content/OpaqueUnlitSpriteMaterial.uexp" 339
"../../../Engine/Plugins/2D/Paper2D/Content/MaskedUnlitSpriteMaterial.uasset" 340
"../../../Engine/Plugins/2D/Paper2D/Content/MaskedUnlitSpriteMaterial.uexp" 341
"../../../Engine/Plugins/2D/Paper2D/Content/DummySprite.uasset" 342
"../../../Engine/Plugins/2D/Paper2D/Content/DummySprite.uexp" 343
"../../../Engine/Plugins/2D/Paper2D/Content/DefaultPaperTerrainMaterial.uasset" 344
"../../../Engine/Plugins/2D/Paper2D/Content/DefaultPaperTerrainMaterial.uexp" 345
"../../../Engine/Plugins/Animation/ControlRig/Content/M_Manip.uasset" 346
"../../../Engine/Plugins/Animation/ControlRig/Content/M_Manip.uexp" 347
"../../../Engine/Plugins/Animation/ControlRig/Content/Controls/DefaultGizmoLibraryNormalized.uasset" 348
"../../../Engine/Plugins/Animation/ControlRig/Content/Controls/DefaultGizmoLibraryNormalized.uexp" 349
"../../../Engine/Plugins/Animation/ControlRig/Content/Controls/ControlRig_Wedge_solid.ubulk" 350
"../../../Engine/Plugins/Animation/ControlRig/Content/Controls/ControlRig_Wedge_solid.uasset" 351
"../../../Engine/Plugins/Animation/ControlRig/Content/Controls/ControlRig_Wedge_solid.uexp" 352
"../../../Engine/Plugins/Animation/ControlRig/Content/Controls/ControlRig_Wedge_3mm.ubulk" 353
"../../../Engine/Plugins/Animation/ControlRig/Content/Controls/ControlRig_Wedge_3mm.uasset" 354
"../../../Engine/Plugins/Animation/ControlRig/Content/Controls/ControlRig_Wedge_3mm.uexp" 355
"../../../Engine/Plugins/Animation/ControlRig/Content/Controls/ControlRig_Wedge_1mm.ubulk" 356
"../../../Engine/Plugins/Animation/ControlRig/Content/Controls/ControlRig_Wedge_1mm.uasset" 357
"../../../Engine/Plugins/Animation/ControlRig/Content/Controls/ControlRig_Wedge_1mm.uexp" 358
"../../../Engine/Plugins/Animation/ControlRig/Content/Controls/ControlRig_Triangle_solid.ubulk" 359
"../../../Engine/Plugins/Animation/ControlRig/Content/Controls/ControlRig_Triangle_solid.uasset" 360
"../../../Engine/Plugins/Animation/ControlRig/Content/Controls/ControlRig_Triangle_solid.uexp" 361
"../../../Engine/Plugins/Animation/ControlRig/Content/Controls/ControlRig_Triangle_3mm.ubulk" 362
"../../../Engine/Plugins/Animation/ControlRig/Content/Controls/ControlRig_Triangle_3mm.uasset" 363
"../../../Engine/Plugins/Animation/ControlRig/Content/Controls/ControlRig_Triangle_3mm.uexp" 364
"../../../Engine/Plugins/Animation/ControlRig/Content/Controls/ControlRig_Triangle_1mm.ubulk" 365
"../../../Engine/Plugins/Animation/ControlRig/Content/Controls/ControlRig_Triangle_1mm.uasset" 366
"../../../Engine/Plugins/Animation/ControlRig/Content/Controls/ControlRig_Triangle_1mm.uexp" 367
"../../../Engine/Plugins/Animation/ControlRig/Content/Controls/ControlRig_Star4_solid.ubulk" 368
"../../../Engine/Plugins/Animation/ControlRig/Content/Controls/ControlRig_Star4_solid.uasset" 369
"../../../Engine/Plugins/Animation/ControlRig/Content/Controls/ControlRig_Star4_solid.uexp" 370
"../../../Engine/Plugins/Animation/ControlRig/Content/Controls/ControlRig_Star4_3mm.ubulk" 371
"../../../Engine/Plugins/Animation/ControlRig/Content/Controls/ControlRig_Star4_3mm.uasset" 372
"../../../Engine/Plugins/Animation/ControlRig/Content/Controls/ControlRig_Star4_3mm.uexp" 373
"../../../Engine/Plugins/Animation/ControlRig/Content/Controls/ControlRig_Star4_1mm.ubulk" 374
"../../../Engine/Plugins/Animation/ControlRig/Content/Controls/ControlRig_Star4_1mm.uasset" 375
"../../../Engine/Plugins/Animation/ControlRig/Content/Controls/ControlRig_Star4_1mm.uexp" 376
"../../../Engine/Plugins/Animation/ControlRig/Content/Controls/ControlRig_Square_solid.ubulk" 377
"../../../Engine/Plugins/Animation/ControlRig/Content/Controls/ControlRig_Square_solid.uasset" 378
"../../../Engine/Plugins/Animation/ControlRig/Content/Controls/ControlRig_Square_solid.uexp" 379
"../../../Engine/Plugins/Animation/ControlRig/Content/Controls/ControlRig_Square_3mm.ubulk" 380
"../../../Engine/Plugins/Animation/ControlRig/Content/Controls/ControlRig_Square_3mm.uasset" 381
"../../../Engine/Plugins/Animation/ControlRig/Content/Controls/ControlRig_Square_3mm.uexp" 382
"../../../Engine/Plugins/Animation/ControlRig/Content/Controls/ControlRig_Square_1mm.ubulk" 383
"../../../Engine/Plugins/Animation/ControlRig/Content/Controls/ControlRig_Square_1mm.uasset" 384
"../../../Engine/Plugins/Animation/ControlRig/Content/Controls/ControlRig_Square_1mm.uexp" 385
"../../../Engine/Plugins/Animation/ControlRig/Content/Controls/ControlRig_Sphere_solid.ubulk" 386
"../../../Engine/Plugins/Animation/ControlRig/Content/Controls/ControlRig_Sphere_solid.uasset" 387
"../../../Engine/Plugins/Animation/ControlRig/Content/Controls/ControlRig_Sphere_solid.uexp" 388
"../../../Engine/Plugins/Animation/ControlRig/Content/Controls/ControlRig_Sphere_3mm.ubulk" 389
"../../../Engine/Plugins/Animation/ControlRig/Content/Controls/ControlRig_Sphere_3mm.uasset" 390
"../../../Engine/Plugins/Animation/ControlRig/Content/Controls/ControlRig_Sphere_3mm.uexp" 391
"../../../Engine/Plugins/Animation/ControlRig/Content/Controls/ControlRig_Sphere_1mm.ubulk" 392
"../../../Engine/Plugins/Animation/ControlRig/Content/Controls/ControlRig_Sphere_1mm.uasset" 393
"../../../Engine/Plugins/Animation/ControlRig/Content/Controls/ControlRig_Sphere_1mm.uexp" 394
"../../../Engine/Plugins/Animation/ControlRig/Content/Controls/ControlRig_RoundedTriangle_solid.ubulk" 395
"../../../Engine/Plugins/Animation/ControlRig/Content/Controls/ControlRig_RoundedTriangle_solid.uasset" 396
"../../../Engine/Plugins/Animation/ControlRig/Content/Controls/ControlRig_RoundedTriangle_solid.uexp" 397
"../../../Engine/Plugins/Animation/ControlRig/Content/Controls/ControlRig_RoundedTriangle_3mm.ubulk" 398
"../../../Engine/Plugins/Animation/ControlRig/Content/Controls/ControlRig_RoundedTriangle_3mm.uasset" 399
"../../../Engine/Plugins/Animation/ControlRig/Content/Controls/ControlRig_RoundedTriangle_3mm.uexp" 400
"../../../Engine/Plugins/Animation/ControlRig/Content/Controls/ControlRig_RoundedTriangle_1mm.ubulk" 401
"../../../Engine/Plugins/Animation/ControlRig/Content/Controls/ControlRig_RoundedTriangle_1mm.uasset" 402
"../../../Engine/Plugins/Animation/ControlRig/Content/Controls/ControlRig_RoundedTriangle_1mm.uexp" 403
"../../../Engine/Plugins/Animation/ControlRig/Content/Controls/ControlRig_RoundedSquare_solid.ubulk" 404
"../../../Engine/Plugins/Animation/ControlRig/Content/Controls/ControlRig_RoundedSquare_solid.uasset" 405
"../../../Engine/Plugins/Animation/ControlRig/Content/Controls/ControlRig_RoundedSquare_solid.uexp" 406
"../../../Engine/Plugins/Animation/ControlRig/Content/Controls/ControlRig_RoundedSquare_3mm.ubulk" 407
"../../../Engine/Plugins/Animation/ControlRig/Content/Controls/ControlRig_RoundedSquare_3mm.uasset" 408
"../../../Engine/Plugins/Animation/ControlRig/Content/Controls/ControlRig_RoundedSquare_3mm.uexp" 409
"../../../Engine/Plugins/Animation/ControlRig/Content/Controls/ControlRig_RoundedSquare_1mm.ubulk" 410
"../../../Engine/Plugins/Animation/ControlRig/Content/Controls/ControlRig_RoundedSquare_1mm.uasset" 411
"../../../Engine/Plugins/Animation/ControlRig/Content/Controls/ControlRig_RoundedSquare_1mm.uexp" 412
"../../../Engine/Plugins/Animation/ControlRig/Content/Controls/ControlRig_QuarterCircle_solid.ubulk" 413
"../../../Engine/Plugins/Animation/ControlRig/Content/Controls/ControlRig_QuarterCircle_solid.uasset" 414
"../../../Engine/Plugins/Animation/ControlRig/Content/Controls/ControlRig_QuarterCircle_solid.uexp" 415
"../../../Engine/Plugins/Animation/ControlRig/Content/Controls/ControlRig_QuarterCircle_3mm.ubulk" 416
"../../../Engine/Plugins/Animation/ControlRig/Content/Controls/ControlRig_QuarterCircle_3mm.uasset" 417
"../../../Engine/Plugins/Animation/ControlRig/Content/Controls/ControlRig_QuarterCircle_3mm.uexp" 418
"../../../Engine/Plugins/Animation/ControlRig/Content/Controls/ControlRig_QuarterCircle_1mm.ubulk" 419
"../../../Engine/Plugins/Animation/ControlRig/Content/Controls/ControlRig_QuarterCircle_1mm.uasset" 420
"../../../Engine/Plugins/Animation/ControlRig/Content/Controls/ControlRig_QuarterCircle_1mm.uexp" 421
"../../../Engine/Plugins/Animation/ControlRig/Content/Controls/ControlRig_Pyramid_solid.ubulk" 422
"../../../Engine/Plugins/Animation/ControlRig/Content/Controls/ControlRig_Pyramid_solid.uasset" 423
"../../../Engine/Plugins/Animation/ControlRig/Content/Controls/ControlRig_Pyramid_solid.uexp" 424
"../../../Engine/Plugins/Animation/ControlRig/Content/Controls/ControlRig_Pyramid_3mm.ubulk" 425
"../../../Engine/Plugins/Animation/ControlRig/Content/Controls/ControlRig_Pyramid_3mm.uasset" 426
"../../../Engine/Plugins/Animation/ControlRig/Content/Controls/ControlRig_Pyramid_3mm.uexp" 427
"../../../Engine/Plugins/Animation/ControlRig/Content/Controls/ControlRig_Pyramid_1mm.ubulk" 428
"../../../Engine/Plugins/Animation/ControlRig/Content/Controls/ControlRig_Pyramid_1mm.uasset" 429
"../../../Engine/Plugins/Animation/ControlRig/Content/Controls/ControlRig_Pyramid_1mm.uexp" 430
"../../../Engine/Plugins/Animation/ControlRig/Content/Controls/ControlRig_Octagon_solid.ubulk" 431
"../../../Engine/Plugins/Animation/ControlRig/Content/Controls/ControlRig_Octagon_solid.uasset" 432
"../../../Engine/Plugins/Animation/ControlRig/Content/Controls/ControlRig_Octagon_solid.uexp" 433
"../../../Engine/Plugins/Animation/ControlRig/Content/Controls/ControlRig_Octagon_3mm.ubulk" 434
"../../../Engine/Plugins/Animation/ControlRig/Content/Controls/ControlRig_Octagon_3mm.uasset" 435
"../../../Engine/Plugins/Animation/ControlRig/Content/Controls/ControlRig_Octagon_3mm.uexp" 436
"../../../Engine/Plugins/Animation/ControlRig/Content/Controls/ControlRig_Octagon_1mm.ubulk" 437
"../../../Engine/Plugins/Animation/ControlRig/Content/Controls/ControlRig_Octagon_1mm.uasset" 438
"../../../Engine/Plugins/Animation/ControlRig/Content/Controls/ControlRig_Octagon_1mm.uexp" 439
"../../../Engine/Plugins/Animation/ControlRig/Content/Controls/ControlRig_Hexagon_solid.ubulk" 440
"../../../Engine/Plugins/Animation/ControlRig/Content/Controls/ControlRig_Hexagon_solid.uasset" 441
"../../../Engine/Plugins/Animation/ControlRig/Content/Controls/ControlRig_Hexagon_solid.uexp" 442
"../../../Engine/Plugins/Animation/ControlRig/Content/Controls/ControlRig_Hexagon_3mm.ubulk" 443
"../../../Engine/Plugins/Animation/ControlRig/Content/Controls/ControlRig_Hexagon_3mm.uasset" 444
"../../../Engine/Plugins/Animation/ControlRig/Content/Controls/ControlRig_Hexagon_3mm.uexp" 445
"../../../Engine/Plugins/Animation/ControlRig/Content/Controls/ControlRig_Hexagon_1mm.ubulk" 446
"../../../Engine/Plugins/Animation/ControlRig/Content/Controls/ControlRig_Hexagon_1mm.uasset" 447
"../../../Engine/Plugins/Animation/ControlRig/Content/Controls/ControlRig_Hexagon_1mm.uexp" 448
"../../../Engine/Plugins/Animation/ControlRig/Content/Controls/ControlRig_HalfCircle_solid.ubulk" 449
"../../../Engine/Plugins/Animation/ControlRig/Content/Controls/ControlRig_HalfCircle_solid.uasset" 450
"../../../Engine/Plugins/Animation/ControlRig/Content/Controls/ControlRig_HalfCircle_solid.uexp" 451
"../../../Engine/Plugins/Animation/ControlRig/Content/Controls/ControlRig_HalfCircle_3mm.ubulk" 452
"../../../Engine/Plugins/Animation/ControlRig/Content/Controls/ControlRig_HalfCircle_3mm.uasset" 453
"../../../Engine/Plugins/Animation/ControlRig/Content/Controls/ControlRig_HalfCircle_3mm.uexp" 454
"../../../Engine/Plugins/Animation/ControlRig/Content/Controls/ControlRig_HalfCircle_1mm.ubulk" 455
"../../../Engine/Plugins/Animation/ControlRig/Content/Controls/ControlRig_HalfCircle_1mm.uasset" 456
"../../../Engine/Plugins/Animation/ControlRig/Content/Controls/ControlRig_HalfCircle_1mm.uexp" 457
"../../../Engine/Plugins/Animation/ControlRig/Content/Controls/ControlRig_Diamond_solid.ubulk" 458
"../../../Engine/Plugins/Animation/ControlRig/Content/Controls/ControlRig_Diamond_solid.uasset" 459
"../../../Engine/Plugins/Animation/ControlRig/Content/Controls/ControlRig_Diamond_solid.uexp" 460
"../../../Engine/Plugins/Animation/ControlRig/Content/Controls/ControlRig_Diamond_3mm.ubulk" 461
"../../../Engine/Plugins/Animation/ControlRig/Content/Controls/ControlRig_Diamond_3mm.uasset" 462
"../../../Engine/Plugins/Animation/ControlRig/Content/Controls/ControlRig_Diamond_3mm.uexp" 463
"../../../Engine/Plugins/Animation/ControlRig/Content/Controls/ControlRig_Diamond_1mm.ubulk" 464
"../../../Engine/Plugins/Animation/ControlRig/Content/Controls/ControlRig_Diamond_1mm.uasset" 465
"../../../Engine/Plugins/Animation/ControlRig/Content/Controls/ControlRig_Diamond_1mm.uexp" 466
"../../../Engine/Plugins/Animation/ControlRig/Content/Controls/ControlRig_Circle_solid.ubulk" 467
"../../../Engine/Plugins/Animation/ControlRig/Content/Controls/ControlRig_Circle_solid.uasset" 468
"../../../Engine/Plugins/Animation/ControlRig/Content/Controls/ControlRig_Circle_solid.uexp" 469
"../../../Engine/Plugins/Animation/ControlRig/Content/Controls/ControlRig_Circle_3mm.ubulk" 470
"../../../Engine/Plugins/Animation/ControlRig/Content/Controls/ControlRig_Circle_3mm.uasset" 471
"../../../Engine/Plugins/Animation/ControlRig/Content/Controls/ControlRig_Circle_3mm.uexp" 472
"../../../Engine/Plugins/Animation/ControlRig/Content/Controls/ControlRig_Circle_1mm.ubulk" 473
"../../../Engine/Plugins/Animation/ControlRig/Content/Controls/ControlRig_Circle_1mm.uasset" 474
"../../../Engine/Plugins/Animation/ControlRig/Content/Controls/ControlRig_Circle_1mm.uexp" 475
"../../../Engine/Plugins/Animation/ControlRig/Content/Controls/ControlRig_Box_solid.ubulk" 476
"../../../Engine/Plugins/Animation/ControlRig/Content/Controls/ControlRig_Box_solid.uasset" 477
"../../../Engine/Plugins/Animation/ControlRig/Content/Controls/ControlRig_Box_solid.uexp" 478
"../../../Engine/Plugins/Animation/ControlRig/Content/Controls/ControlRig_Box_3mm.ubulk" 479
"../../../Engine/Plugins/Animation/ControlRig/Content/Controls/ControlRig_Box_3mm.uasset" 480
"../../../Engine/Plugins/Animation/ControlRig/Content/Controls/ControlRig_Box_3mm.uexp" 481
"../../../Engine/Plugins/Animation/ControlRig/Content/Controls/ControlRig_Box_1mm.ubulk" 482
"../../../Engine/Plugins/Animation/ControlRig/Content/Controls/ControlRig_Box_1mm.uasset" 483
"../../../Engine/Plugins/Animation/ControlRig/Content/Controls/ControlRig_Box_1mm.uexp" 484
"../../../Engine/Plugins/Animation/ControlRig/Content/Controls/ControlRig_Arrow_solid.ubulk" 485
"../../../Engine/Plugins/Animation/ControlRig/Content/Controls/ControlRig_Arrow_solid.uasset" 486
"../../../Engine/Plugins/Animation/ControlRig/Content/Controls/ControlRig_Arrow_solid.uexp" 487
"../../../Engine/Plugins/Animation/ControlRig/Content/Controls/ControlRig_Arrow_3mm.ubulk" 488
"../../../Engine/Plugins/Animation/ControlRig/Content/Controls/ControlRig_Arrow_3mm.uasset" 489
"../../../Engine/Plugins/Animation/ControlRig/Content/Controls/ControlRig_Arrow_3mm.uexp" 490
"../../../Engine/Plugins/Animation/ControlRig/Content/Controls/ControlRig_Arrow_1mm.ubulk" 491
"../../../Engine/Plugins/Animation/ControlRig/Content/Controls/ControlRig_Arrow_1mm.uasset" 492
"../../../Engine/Plugins/Animation/ControlRig/Content/Controls/ControlRig_Arrow_1mm.uexp" 493
"../../../Engine/Plugins/Animation/ControlRig/Content/Controls/ControlRig_Arrow4_solid.ubulk" 494
"../../../Engine/Plugins/Animation/ControlRig/Content/Controls/ControlRig_Arrow4_solid.uasset" 495
"../../../Engine/Plugins/Animation/ControlRig/Content/Controls/ControlRig_Arrow4_solid.uexp" 496
"../../../Engine/Plugins/Animation/ControlRig/Content/Controls/ControlRig_Arrow4_3mm.ubulk" 497
"../../../Engine/Plugins/Animation/ControlRig/Content/Controls/ControlRig_Arrow4_3mm.uasset" 498
"../../../Engine/Plugins/Animation/ControlRig/Content/Controls/ControlRig_Arrow4_3mm.uexp" 499
"../../../Engine/Plugins/Animation/ControlRig/Content/Controls/ControlRig_Arrow4_1mm.ubulk" 500
"../../../Engine/Plugins/Animation/ControlRig/Content/Controls/ControlRig_Arrow4_1mm.uasset" 501
"../../../Engine/Plugins/Animation/ControlRig/Content/Controls/ControlRig_Arrow4_1mm.uexp" 502
"../../../Engine/Plugins/Animation/ControlRig/Content/Controls/ControlRig_Arrow2_solid.ubulk" 503
"../../../Engine/Plugins/Animation/ControlRig/Content/Controls/ControlRig_Arrow2_solid.uasset" 504
"../../../Engine/Plugins/Animation/ControlRig/Content/Controls/ControlRig_Arrow2_solid.uexp" 505
"../../../Engine/Plugins/Animation/ControlRig/Content/Controls/ControlRig_Arrow2_3mm.ubulk" 506
"../../../Engine/Plugins/Animation/ControlRig/Content/Controls/ControlRig_Arrow2_3mm.uasset" 507
"../../../Engine/Plugins/Animation/ControlRig/Content/Controls/ControlRig_Arrow2_3mm.uexp" 508
"../../../Engine/Plugins/Animation/ControlRig/Content/Controls/ControlRig_Arrow2_1mm.ubulk" 509
"../../../Engine/Plugins/Animation/ControlRig/Content/Controls/ControlRig_Arrow2_1mm.uasset" 510
"../../../Engine/Plugins/Animation/ControlRig/Content/Controls/ControlRig_Arrow2_1mm.uexp" 511
"../../../Engine/Plugins/Animation/ControlRig/Content/Controls/ControlRigXRayMaterial.uasset" 512
"../../../Engine/Plugins/Animation/ControlRig/Content/Controls/ControlRigXRayMaterial.uexp" 513
"../../../Engine/Plugins/Animation/ControlRig/Content/Controls/ControlRigGizmoMaterial.uasset" 514
"../../../Engine/Plugins/Animation/ControlRig/Content/Controls/ControlRigGizmoMaterial.uexp" 515
"../../../Engine/Plugins/Editor/SpeedTreeImporter/Content/SpeedTree9/game_wind_noise.ubulk" 516
"../../../Engine/Plugins/Editor/SpeedTreeImporter/Content/SpeedTree9/game_wind_noise.uasset" 517
"../../../Engine/Plugins/Editor/SpeedTreeImporter/Content/SpeedTree9/game_wind_noise.uexp" 518
"../../../Engine/Plugins/Editor/SpeedTreeImporter/Content/SpeedTree9/UnpackDirection.uasset" 519
"../../../Engine/Plugins/Editor/SpeedTreeImporter/Content/SpeedTree9/UnpackDirection.uexp" 520
"../../../Engine/Content/Functions/Engine_MaterialFunctions02/ObjectLocalBounds.uasset" 521
"../../../Engine/Content/Functions/Engine_MaterialFunctions02/ObjectLocalBounds.uexp" 522
"../../../Engine/Content/Functions/Engine_MaterialFunctions02/UVs/BoundingBoxBased_0-1_UVW.uasset" 523
"../../../Engine/Content/Functions/Engine_MaterialFunctions02/UVs/BoundingBoxBased_0-1_UVW.uexp" 524
"../../../Engine/Content/Functions/Engine_MaterialFunctions02/Utility/VectorLength.uasset" 525
"../../../Engine/Content/Functions/Engine_MaterialFunctions02/Utility/VectorLength.uexp" 526
"../../../Engine/Plugins/Editor/SpeedTreeImporter/Content/SpeedTree9/UnpackInteger3.uasset" 527
"../../../Engine/Plugins/Editor/SpeedTreeImporter/Content/SpeedTree9/UnpackInteger3.uexp" 528
"../../../Engine/Plugins/Editor/SpeedTreeImporter/Content/SpeedTree9/SpeedTreeCameraFacing.uasset" 529
"../../../Engine/Plugins/Editor/SpeedTreeImporter/Content/SpeedTree9/SpeedTreeCameraFacing.uexp" 530
"../../../Engine/Content/Functions/Engine_MaterialFunctions02/WorldPositionOffset/ObjectScale.uasset" 531
"../../../Engine/Content/Functions/Engine_MaterialFunctions02/WorldPositionOffset/ObjectScale.uexp" 532
"../../../Engine/Content/Functions/Engine_MaterialFunctions02/SafeNormalize.uasset" 533
"../../../Engine/Content/Functions/Engine_MaterialFunctions02/SafeNormalize.uexp" 534
"../../../Engine/Plugins/Editor/SpeedTreeImporter/Content/SpeedTree9/SpeedTreeWindMotion.uasset" 535
"../../../Engine/Plugins/Editor/SpeedTreeImporter/Content/SpeedTree9/SpeedTreeWindMotion.uexp" 536
"../../../Engine/Plugins/Editor/SpeedTreeImporter/Content/SpeedTree9/SpeedTreeBranchMotion.uasset" 537
"../../../Engine/Plugins/Editor/SpeedTreeImporter/Content/SpeedTree9/SpeedTreeBranchMotion.uexp" 538
"../../../Engine/Plugins/Editor/SpeedTreeImporter/Content/SpeedTree9/SpeedTreeWind.uasset" 539
"../../../Engine/Plugins/Editor/SpeedTreeImporter/Content/SpeedTree9/SpeedTreeWind.uexp" 540
"../../../Engine/Plugins/Editor/SpeedTreeImporter/Content/SpeedTree9/EmptyNormal.uasset" 541
"../../../Engine/Plugins/Editor/SpeedTreeImporter/Content/SpeedTree9/EmptyNormal.uexp" 542
"../../../Engine/Plugins/Editor/SpeedTreeImporter/Content/SpeedTree9/Empty.uasset" 543
"../../../Engine/Plugins/Editor/SpeedTreeImporter/Content/SpeedTree9/Empty.uexp" 544
"../../../Engine/Plugins/Editor/SpeedTreeImporter/Content/SpeedTree9/SpeedTreeMaster.uasset" 545
"../../../Engine/Plugins/Editor/SpeedTreeImporter/Content/SpeedTree9/SpeedTreeMaster.uexp" 546
"../../../Engine/Plugins/Editor/SpeedTreeImporter/Content/SpeedTree9/SpeedTreeBillboard.uasset" 547
"../../../Engine/Plugins/Editor/SpeedTreeImporter/Content/SpeedTree9/SpeedTreeBillboard.uexp" 548
"../../../Engine/Plugins/Editor/SpeedTreeImporter/Content/SpeedTree9/SpeedTreeBillboardMaster.uasset" 549
"../../../Engine/Plugins/Editor/SpeedTreeImporter/Content/SpeedTree9/SpeedTreeBillboardMaster.uexp" 550
"../../../Engine/Content/Functions/Engine_MaterialFunctions02/Texturing/CustomRotator.uasset" 551
"../../../Engine/Content/Functions/Engine_MaterialFunctions02/Texturing/CustomRotator.uexp" 552
"../../../Engine/Content/Functions/Engine_MaterialFunctions02/Texturing/ScreenAlignedPixelToPixelUVs.uasset" 553
"../../../Engine/Content/Functions/Engine_MaterialFunctions02/Texturing/ScreenAlignedPixelToPixelUVs.uexp" 554
"../../../Engine/Plugins/Interchange/Runtime/Content/Utilities/T_Bayer64_Grayscale_64px.uasset" 555
"../../../Engine/Plugins/Interchange/Runtime/Content/Utilities/T_Bayer64_Grayscale_64px.uexp" 556
"../../../Engine/Plugins/Interchange/Runtime/Content/gltf/MaterialFunctions/MF_Temporal_Blur.uasset" 557
"../../../Engine/Plugins/Interchange/Runtime/Content/gltf/MaterialFunctions/MF_Temporal_Blur.uexp" 558
"../../../Engine/Plugins/Interchange/Runtime/Content/gltf/MaterialFunctions/MF_Fresnel_DS.uasset" 559
"../../../Engine/Plugins/Interchange/Runtime/Content/gltf/MaterialFunctions/MF_Fresnel_DS.uexp" 560
"../../../Engine/Plugins/Interchange/Runtime/Content/Functions/MX_Transmission.uasset" 561
"../../../Engine/Plugins/Interchange/Runtime/Content/Functions/MX_Transmission.uexp" 562
"../../../Engine/Plugins/Interchange/Runtime/Content/Functions/MF_OrenNayerView.uasset" 563
"../../../Engine/Plugins/Interchange/Runtime/Content/Functions/MF_OrenNayerView.uexp" 564
"../../../Engine/Plugins/Interchange/Runtime/Content/Functions/MF_SchlickApprox.uasset" 565
"../../../Engine/Plugins/Interchange/Runtime/Content/Functions/MF_SchlickApprox.uexp" 566
"../../../Engine/Plugins/Interchange/Runtime/Content/Utilities/New_LUT.uasset" 567
"../../../Engine/Plugins/Interchange/Runtime/Content/Utilities/New_LUT.uexp" 568
"../../../Engine/Content/Functions/Engine_MaterialFunctions03/Math/RemapValueRange.uasset" 569
"../../../Engine/Content/Functions/Engine_MaterialFunctions03/Math/RemapValueRange.uexp" 570
"../../../Engine/Plugins/Interchange/Runtime/Content/Functions/MF_Iridescence.uasset" 571
"../../../Engine/Plugins/Interchange/Runtime/Content/Functions/MF_Iridescence.uexp" 572
"../../../Engine/Plugins/Interchange/Runtime/Content/Functions/MX_StandardSurface.uasset" 573
"../../../Engine/Plugins/Interchange/Runtime/Content/Functions/MX_StandardSurface.uexp" 574
"../../../Engine/Plugins/Interchange/Runtime/Content/Functions/MX_TransmissionSurface.uasset" 575
"../../../Engine/Plugins/Interchange/Runtime/Content/Functions/MX_TransmissionSurface.uexp" 576
"../../../Engine/Content/Functions/Engine_MaterialFunctions02/Math/AddComponents.uasset" 577
"../../../Engine/Content/Functions/Engine_MaterialFunctions02/Math/AddComponents.uexp" 578
"../../../Engine/Content/Functions/Engine_MaterialFunctions02/WorldPositionOffset/V2/ObjectScale.uasset" 579
"../../../Engine/Content/Functions/Engine_MaterialFunctions02/WorldPositionOffset/V2/ObjectScale.uexp" 580
"../../../Engine/Plugins/Interchange/Runtime/Content/gltf/MaterialFunctions/MF_TransmissionOpacity.uasset" 581
"../../../Engine/Plugins/Interchange/Runtime/Content/gltf/MaterialFunctions/MF_TransmissionOpacity.uexp" 582
"../../../Engine/Plugins/Interchange/Runtime/Content/gltf/MaterialFunctions/MF_RotateV2.uasset" 583
"../../../Engine/Plugins/Interchange/Runtime/Content/gltf/MaterialFunctions/MF_RotateV2.uexp" 584
"../../../Engine/Plugins/Interchange/Runtime/Content/gltf/MaterialFunctions/MF_TransformUVs.uasset" 585
"../../../Engine/Plugins/Interchange/Runtime/Content/gltf/MaterialFunctions/MF_TransformUVs.uexp" 586
"../../../Engine/Plugins/Interchange/Runtime/Content/gltf/Textures/T_White_srgb.uasset" 587
"../../../Engine/Plugins/Interchange/Runtime/Content/gltf/Textures/T_White_srgb.uexp" 588
"../../../Engine/Plugins/Interchange/Runtime/Content/gltf/MaterialFunctions/MF_BaseColor.uasset" 589
"../../../Engine/Plugins/Interchange/Runtime/Content/gltf/MaterialFunctions/MF_BaseColor.uexp" 590
"../../../Engine/Plugins/Interchange/Runtime/Content/gltf/MaterialFunctions/MF_DiffuseSpecGloss.uasset" 591
"../../../Engine/Plugins/Interchange/Runtime/Content/gltf/MaterialFunctions/MF_DiffuseSpecGloss.uexp" 592
"../../../Engine/Plugins/Interchange/Runtime/Content/gltf/Textures/T_White_Linear.uasset" 593
"../../../Engine/Plugins/Interchange/Runtime/Content/gltf/Textures/T_White_Linear.uexp" 594
"../../../Engine/Plugins/Interchange/Runtime/Content/gltf/MaterialFunctions/MF_MetallicRoughness.uasset" 595
"../../../Engine/Plugins/Interchange/Runtime/Content/gltf/MaterialFunctions/MF_MetallicRoughness.uexp" 596
"../../../Engine/Plugins/Interchange/Runtime/Content/gltf/MaterialFunctions/MF_Transmission.uasset" 597
"../../../Engine/Plugins/Interchange/Runtime/Content/gltf/MaterialFunctions/MF_Transmission.uexp" 598
"../../../Engine/Plugins/Interchange/Runtime/Content/gltf/MaterialFunctions/MF_Occlusion.uasset" 599
"../../../Engine/Plugins/Interchange/Runtime/Content/gltf/MaterialFunctions/MF_Occlusion.uexp" 600
"../../../Engine/Plugins/Interchange/Runtime/Content/gltf/MaterialFunctions/MF_Specular.uasset" 601
"../../../Engine/Plugins/Interchange/Runtime/Content/gltf/MaterialFunctions/MF_Specular.uexp" 602
"../../../Engine/Plugins/Interchange/Runtime/Content/gltf/MaterialFunctions/MF_IOR.uasset" 603
"../../../Engine/Plugins/Interchange/Runtime/Content/gltf/MaterialFunctions/MF_IOR.uexp" 604
"../../../Engine/Content/Functions/Engine_MaterialFunctions01/Texturing/FlattenNormal.uasset" 605
"../../../Engine/Content/Functions/Engine_MaterialFunctions01/Texturing/FlattenNormal.uexp" 606
"../../../Engine/Content/Functions/Engine_MaterialFunctions02/Math/Transform3x3Matrix.uasset" 607
"../../../Engine/Content/Functions/Engine_MaterialFunctions02/Math/Transform3x3Matrix.uexp" 608
"../../../Engine/Plugins/Interchange/Runtime/Content/gltf/MaterialFunctions/MF_RotateNormals_TS.uasset" 609
"../../../Engine/Plugins/Interchange/Runtime/Content/gltf/MaterialFunctions/MF_RotateNormals_TS.uexp" 610
"../../../Engine/Plugins/Interchange/Runtime/Content/gltf/Textures/T_Generic_N.uasset" 611
"../../../Engine/Plugins/Interchange/Runtime/Content/gltf/Textures/T_Generic_N.uexp" 612
"../../../Engine/Plugins/Interchange/Runtime/Content/gltf/MaterialFunctions/MF_Normals.uasset" 613
"../../../Engine/Plugins/Interchange/Runtime/Content/gltf/MaterialFunctions/MF_Normals.uexp" 614
"../../../Engine/Plugins/Interchange/Runtime/Content/gltf/MaterialFunctions/MF_PerceivedBrightness.uasset" 615
"../../../Engine/Plugins/Interchange/Runtime/Content/gltf/MaterialFunctions/MF_PerceivedBrightness.uexp" 616
"../../../Engine/Plugins/Interchange/Runtime/Content/gltf/MaterialFunctions/MF_SpecGlossToMetalRoughness.uasset" 617
"../../../Engine/Plugins/Interchange/Runtime/Content/gltf/MaterialFunctions/MF_SpecGlossToMetalRoughness.uexp" 618
"../../../Engine/Plugins/Interchange/Runtime/Content/gltf/M_Transmission.uasset" 619
"../../../Engine/Plugins/Interchange/Runtime/Content/gltf/M_Transmission.uexp" 620
"../../../Engine/Plugins/Interchange/Runtime/Content/gltf/MaterialInstances_MR/MI_Transmission_TS.uasset" 621
"../../../Engine/Plugins/Interchange/Runtime/Content/gltf/MaterialInstances_MR/MI_Transmission_TS.uexp" 622
"../../../Engine/Plugins/Interchange/Runtime/Content/gltf/MaterialInstances_MR/MI_Transmission.uasset" 623
"../../../Engine/Plugins/Interchange/Runtime/Content/gltf/MaterialInstances_MR/MI_Transmission.uexp" 624
"../../../Engine/Plugins/Interchange/Runtime/Content/gltf/MaterialFunctions/MF_Clearcoat.uasset" 625
"../../../Engine/Plugins/Interchange/Runtime/Content/gltf/MaterialFunctions/MF_Clearcoat.uexp" 626
"../../../Engine/Plugins/Interchange/Runtime/Content/gltf/MaterialFunctions/MF_Emissive.uasset" 627
"../../../Engine/Plugins/Interchange/Runtime/Content/gltf/MaterialFunctions/MF_Emissive.uexp" 628
"../../../Engine/Plugins/Interchange/Runtime/Content/gltf/M_Translucent.uasset" 629
"../../../Engine/Plugins/Interchange/Runtime/Content/gltf/M_Translucent.uexp" 630
"../../../Engine/Plugins/Interchange/Runtime/Content/gltf/MaterialInstances_MR/MI_Translucent_TS.uasset" 631
"../../../Engine/Plugins/Interchange/Runtime/Content/gltf/MaterialInstances_MR/MI_Translucent_TS.uexp" 632
"../../../Engine/Plugins/Interchange/Runtime/Content/gltf/MaterialInstances_MR/MI_Translucent_ClearCoat_TS.uasset" 633
"../../../Engine/Plugins/Interchange/Runtime/Content/gltf/MaterialInstances_MR/MI_Translucent_ClearCoat_TS.uexp" 634
"../../../Engine/Plugins/Interchange/Runtime/Content/gltf/MaterialInstances_MR/MI_Translucent_ClearCoat.uasset" 635
"../../../Engine/Plugins/Interchange/Runtime/Content/gltf/MaterialInstances_MR/MI_Translucent_ClearCoat.uexp" 636
"../../../Engine/Plugins/Interchange/Runtime/Content/gltf/MaterialInstances_MR/MI_Translucent.uasset" 637
"../../../Engine/Plugins/Interchange/Runtime/Content/gltf/MaterialInstances_MR/MI_Translucent.uexp" 638
"../../../Engine/Plugins/Interchange/Runtime/Content/gltf/M_Unlit.uasset" 639
"../../../Engine/Plugins/Interchange/Runtime/Content/gltf/M_Unlit.uexp" 640
"../../../Engine/Plugins/Interchange/Runtime/Content/gltf/MaterialInstances_MR/MI_Opaque_Unlit_TS.uasset" 641
"../../../Engine/Plugins/Interchange/Runtime/Content/gltf/MaterialInstances_MR/MI_Opaque_Unlit_TS.uexp" 642
"../../../Engine/Plugins/Interchange/Runtime/Content/gltf/MaterialInstances_MR/MI_Opaque_Unlit.uasset" 643
"../../../Engine/Plugins/Interchange/Runtime/Content/gltf/MaterialInstances_MR/MI_Opaque_Unlit.uexp" 644
"../../../Engine/Plugins/Interchange/Runtime/Content/gltf/M_Opaque.uasset" 645
"../../../Engine/Plugins/Interchange/Runtime/Content/gltf/M_Opaque.uexp" 646
"../../../Engine/Plugins/Interchange/Runtime/Content/gltf/MaterialInstances_MR/MI_Opaque_TS.uasset" 647
"../../../Engine/Plugins/Interchange/Runtime/Content/gltf/MaterialInstances_MR/MI_Opaque_TS.uexp" 648
"../../../Engine/Plugins/Interchange/Runtime/Content/gltf/MaterialFunctions/MF_Sheen.uasset" 649
"../../../Engine/Plugins/Interchange/Runtime/Content/gltf/MaterialFunctions/MF_Sheen.uexp" 650
"../../../Engine/Content/Functions/Engine_MaterialFunctions01/Shading/FuzzyShading.uasset" 651
"../../../Engine/Content/Functions/Engine_MaterialFunctions01/Shading/FuzzyShading.uexp" 652
"../../../Engine/Plugins/Interchange/Runtime/Content/gltf/M_Sheen.uasset" 653
"../../../Engine/Plugins/Interchange/Runtime/Content/gltf/M_Sheen.uexp" 654
"../../../Engine/Plugins/Interchange/Runtime/Content/gltf/MaterialInstances_MR/MI_Opaque_Sheen_TS.uasset" 655
"../../../Engine/Plugins/Interchange/Runtime/Content/gltf/MaterialInstances_MR/MI_Opaque_Sheen_TS.uexp" 656
"../../../Engine/Plugins/Interchange/Runtime/Content/gltf/MaterialInstances_MR/MI_Opaque_Sheen.uasset" 657
"../../../Engine/Plugins/Interchange/Runtime/Content/gltf/MaterialInstances_MR/MI_Opaque_Sheen.uexp" 658
"../../../Engine/Plugins/Interchange/Runtime/Content/gltf/MaterialInstances_MR/MI_Opaque_ClearCoat_TS.uasset" 659
"../../../Engine/Plugins/Interchange/Runtime/Content/gltf/MaterialInstances_MR/MI_Opaque_ClearCoat_TS.uexp" 660
"../../../Engine/Plugins/Interchange/Runtime/Content/gltf/MaterialInstances_MR/MI_Opaque_ClearCoat.uasset" 661
"../../../Engine/Plugins/Interchange/Runtime/Content/gltf/MaterialInstances_MR/MI_Opaque_ClearCoat.uexp" 662
"../../../Engine/Plugins/Interchange/Runtime/Content/gltf/MaterialInstances_MR/MI_Opaque.uasset" 663
"../../../Engine/Plugins/Interchange/Runtime/Content/gltf/MaterialInstances_MR/MI_Opaque.uexp" 664
"../../../Engine/Plugins/Interchange/Runtime/Content/gltf/MaterialInstances_SG/MI_Transmission_TS.uasset" 665
"../../../Engine/Plugins/Interchange/Runtime/Content/gltf/MaterialInstances_SG/MI_Transmission_TS.uexp" 666
"../../../Engine/Plugins/Interchange/Runtime/Content/gltf/MaterialInstances_SG/MI_Transmission.uasset" 667
"../../../Engine/Plugins/Interchange/Runtime/Content/gltf/MaterialInstances_SG/MI_Transmission.uexp" 668
"../../../Engine/Plugins/Interchange/Runtime/Content/gltf/MaterialInstances_SG/MI_Translucent_TS.uasset" 669
"../../../Engine/Plugins/Interchange/Runtime/Content/gltf/MaterialInstances_SG/MI_Translucent_TS.uexp" 670
"../../../Engine/Plugins/Interchange/Runtime/Content/gltf/MaterialInstances_SG/MI_Translucent_ClearCoat_TS.uasset" 671
"../../../Engine/Plugins/Interchange/Runtime/Content/gltf/MaterialInstances_SG/MI_Translucent_ClearCoat_TS.uexp" 672
"../../../Engine/Plugins/Interchange/Runtime/Content/gltf/MaterialInstances_SG/MI_Translucent_ClearCoat.uasset" 673
"../../../Engine/Plugins/Interchange/Runtime/Content/gltf/MaterialInstances_SG/MI_Translucent_ClearCoat.uexp" 674
"../../../Engine/Plugins/Interchange/Runtime/Content/gltf/MaterialInstances_SG/MI_Translucent.uasset" 675
"../../../Engine/Plugins/Interchange/Runtime/Content/gltf/MaterialInstances_SG/MI_Translucent.uexp" 676
"../../../Engine/Plugins/Interchange/Runtime/Content/gltf/MaterialInstances_SG/MI_Opaque_TS.uasset" 677
"../../../Engine/Plugins/Interchange/Runtime/Content/gltf/MaterialInstances_SG/MI_Opaque_TS.uexp" 678
"../../../Engine/Plugins/Interchange/Runtime/Content/gltf/MaterialInstances_SG/MI_Opaque_Sheen_TS.uasset" 679
"../../../Engine/Plugins/Interchange/Runtime/Content/gltf/MaterialInstances_SG/MI_Opaque_Sheen_TS.uexp" 680
"../../../Engine/Plugins/Interchange/Runtime/Content/gltf/MaterialInstances_SG/MI_Opaque_Sheen.uasset" 681
"../../../Engine/Plugins/Interchange/Runtime/Content/gltf/MaterialInstances_SG/MI_Opaque_Sheen.uexp" 682
"../../../Engine/Plugins/Interchange/Runtime/Content/gltf/MaterialInstances_SG/MI_Opaque_ClearCoat_TS.uasset" 683
"../../../Engine/Plugins/Interchange/Runtime/Content/gltf/MaterialInstances_SG/MI_Opaque_ClearCoat_TS.uexp" 684
"../../../Engine/Plugins/Interchange/Runtime/Content/gltf/MaterialInstances_SG/MI_Opaque_ClearCoat.uasset" 685
"../../../Engine/Plugins/Interchange/Runtime/Content/gltf/MaterialInstances_SG/MI_Opaque_ClearCoat.uexp" 686
"../../../Engine/Plugins/Interchange/Runtime/Content/gltf/MaterialInstances_SG/MI_Opaque.uasset" 687
"../../../Engine/Plugins/Interchange/Runtime/Content/gltf/MaterialInstances_SG/MI_Opaque.uexp" 688
"../../../Engine/Plugins/Interchange/Runtime/Content/gltf/Textures/T_Gray_Linear.uasset" 689
"../../../Engine/Plugins/Interchange/Runtime/Content/gltf/Textures/T_Gray_Linear.uexp" 690
"../../../Engine/Plugins/Interchange/Runtime/Content/gltf/Textures/T_Black_srgb.uasset" 691
"../../../Engine/Plugins/Interchange/Runtime/Content/gltf/Textures/T_Black_srgb.uexp" 692
"../../../Engine/Plugins/Interchange/Runtime/Content/Materials/UnlitMaterial.uasset" 693
"../../../Engine/Plugins/Interchange/Runtime/Content/Materials/UnlitMaterial.uexp" 694
"../../../Engine/Content/EngineMaterials/DefaultNormal.ubulk" 695
"../../../Engine/Content/EngineMaterials/DefaultNormal.uasset" 696
"../../../Engine/Content/EngineMaterials/DefaultNormal.uexp" 697
"../../../Engine/Plugins/Interchange/Runtime/Content/Materials/MapOrScalarFunction.uasset" 698
"../../../Engine/Plugins/Interchange/Runtime/Content/Materials/MapOrScalarFunction.uexp" 699
"../../../Engine/Plugins/Interchange/Runtime/Content/Materials/MapOrLinearColorFunction.uasset" 700
"../../../Engine/Plugins/Interchange/Runtime/Content/Materials/MapOrLinearColorFunction.uexp" 701
"../../../Engine/Plugins/Interchange/Runtime/Content/Materials/MapOrColorFunction.uasset" 702
"../../../Engine/Plugins/Interchange/Runtime/Content/Materials/MapOrColorFunction.uexp" 703
"../../../Engine/Plugins/Interchange/Runtime/Content/Materials/CommonMaterial.uasset" 704
"../../../Engine/Plugins/Interchange/Runtime/Content/Materials/CommonMaterial.uexp" 705
"../../../Engine/Plugins/Interchange/Runtime/Content/Materials/PBRSurfaceFunction.uasset" 706
"../../../Engine/Plugins/Interchange/Runtime/Content/Materials/PBRSurfaceFunction.uexp" 707
"../../../Engine/Plugins/Interchange/Runtime/Content/Materials/ThinTranslucentMaterial.uasset" 708
"../../../Engine/Plugins/Interchange/Runtime/Content/Materials/ThinTranslucentMaterial.uexp" 709
"../../../Engine/Plugins/Interchange/Runtime/Content/Materials/SubsurfaceMaterial.uasset" 710
"../../../Engine/Plugins/Interchange/Runtime/Content/Materials/SubsurfaceMaterial.uexp" 711
"../../../Engine/Plugins/Interchange/Runtime/Content/Materials/SheenMaterial.uasset" 712
"../../../Engine/Plugins/Interchange/Runtime/Content/Materials/SheenMaterial.uexp" 713
"../../../Engine/Content/Functions/Engine_MaterialFunctions01/Shading/ConvertFromDiffSpec.uasset" 714
"../../../Engine/Content/Functions/Engine_MaterialFunctions01/Shading/ConvertFromDiffSpec.uexp" 715
"../../../Engine/Plugins/Interchange/Runtime/Content/Materials/PhongSurfaceMaterial.uasset" 716
"../../../Engine/Plugins/Interchange/Runtime/Content/Materials/PhongSurfaceMaterial.uexp" 717
"../../../Engine/Plugins/Interchange/Runtime/Content/Materials/PBRSurfaceMaterial.uasset" 718
"../../../Engine/Plugins/Interchange/Runtime/Content/Materials/PBRSurfaceMaterial.uexp" 719
"../../../Engine/Content/EngineMaterials/FlatNormal.uasset" 720
"../../../Engine/Content/EngineMaterials/FlatNormal.uexp" 721
"../../../Engine/Content/EditorLandscapeResources/WhiteSquareTexture.uasset" 722
"../../../Engine/Content/EditorLandscapeResources/WhiteSquareTexture.uexp" 723
"../../../Engine/Plugins/Interchange/Runtime/Content/Materials/OrenNayerMaterial.uasset" 724
"../../../Engine/Plugins/Interchange/Runtime/Content/Materials/OrenNayerMaterial.uexp" 725
"../../../Engine/Plugins/Interchange/Runtime/Content/Materials/LambertSurfaceMaterial.uasset" 726
"../../../Engine/Plugins/Interchange/Runtime/Content/Materials/LambertSurfaceMaterial.uexp" 727
"../../../Engine/Plugins/Interchange/Runtime/Content/Materials/ClearCoatMaterial.uasset" 728
"../../../Engine/Plugins/Interchange/Runtime/Content/Materials/ClearCoatMaterial.uexp" 729
"../../../Engine/Plugins/Interchange/Runtime/Content/Pipelines/DefaultTexturePipeline.uasset" 730
"../../../Engine/Plugins/Interchange/Runtime/Content/Pipelines/DefaultTexturePipeline.uexp" 731
"../../../Engine/Plugins/Interchange/Runtime/Content/Pipelines/DefaultSceneLevelPipeline.uasset" 732
"../../../Engine/Plugins/Interchange/Runtime/Content/Pipelines/DefaultSceneLevelPipeline.uexp" 733
"../../../Engine/Plugins/Interchange/Runtime/Content/Pipelines/DefaultSceneAssetsPipeline.uasset" 734
"../../../Engine/Plugins/Interchange/Runtime/Content/Pipelines/DefaultSceneAssetsPipeline.uexp" 735
"../../../Engine/Plugins/Interchange/Runtime/Content/Pipelines/DefaultMaterialPipeline.uasset" 736
"../../../Engine/Plugins/Interchange/Runtime/Content/Pipelines/DefaultMaterialPipeline.uexp" 737
"../../../Engine/Plugins/Interchange/Runtime/Content/Pipelines/DefaultAssetsPipeline.uasset" 738
"../../../Engine/Plugins/Interchange/Runtime/Content/Pipelines/DefaultAssetsPipeline.uexp" 739
"../../../Engine/Plugins/Runtime/MeshModelingToolset/Content/Materials/M_DynamicMeshComponentVtxColor.uasset" 740
"../../../Engine/Plugins/Runtime/MeshModelingToolset/Content/Materials/M_DynamicMeshComponentVtxColor.uexp" 741
"C:/Users/benja/OneDrive/Documents/Unreal Projects/Tutorial/Content/Mygame/gameover.uasset" 742
"C:/Users/benja/OneDrive/Documents/Unreal Projects/Tutorial/Content/Mygame/gameover.uexp" 743
"C:/Users/benja/OneDrive/Documents/Unreal Projects/Tutorial/Content/Mygame/win.uasset" 744
"C:/Users/benja/OneDrive/Documents/Unreal Projects/Tutorial/Content/Mygame/win.uexp" 745
"C:/Users/benja/OneDrive/Documents/Unreal Projects/Tutorial/Content/Mygame/hud.uasset" 746
"C:/Users/benja/OneDrive/Documents/Unreal Projects/Tutorial/Content/Mygame/hud.uexp" 747
"C:/Users/benja/OneDrive/Documents/Unreal Projects/Tutorial/Content/Mygame/pause.uasset" 748
"C:/Users/benja/OneDrive/Documents/Unreal Projects/Tutorial/Content/Mygame/pause.uexp" 749
"../../../Engine/Content/EditorBlueprintResources/StandardMacros.uasset" 750
"../../../Engine/Content/EditorBlueprintResources/StandardMacros.uexp" 751
"C:/Users/benja/OneDrive/Documents/Unreal Projects/Tutorial/Content/Mygame/me.uasset" 752
"C:/Users/benja/OneDrive/Documents/Unreal Projects/Tutorial/Content/Mygame/me.uexp" 753
"C:/Users/benja/OneDrive/Documents/Unreal Projects/Tutorial/Content/Mygame/controller.uasset" 754
"C:/Users/benja/OneDrive/Documents/Unreal Projects/Tutorial/Content/Mygame/controller.uexp" 755
"C:/Users/benja/OneDrive/Documents/Unreal Projects/Tutorial/Content/Mygame/gm.uasset" 756
"C:/Users/benja/OneDrive/Documents/Unreal Projects/Tutorial/Content/Mygame/gm.uexp" 757
"C:/Users/benja/OneDrive/Documents/Unreal Projects/Tutorial/Content/StarterContent/Audio/Starter_Wind06.ubulk" 758
"C:/Users/benja/OneDrive/Documents/Unreal Projects/Tutorial/Content/StarterContent/Audio/Starter_Wind06.uasset" 759
"C:/Users/benja/OneDrive/Documents/Unreal Projects/Tutorial/Content/StarterContent/Audio/Starter_Wind06.uexp" 760
"C:/Users/benja/OneDrive/Documents/Unreal Projects/Tutorial/Content/StarterContent/Audio/Starter_Wind05.ubulk" 761
"C:/Users/benja/OneDrive/Documents/Unreal Projects/Tutorial/Content/StarterContent/Audio/Starter_Wind05.uasset" 762
"C:/Users/benja/OneDrive/Documents/Unreal Projects/Tutorial/Content/StarterContent/Audio/Starter_Wind05.uexp" 763
"C:/Users/benja/OneDrive/Documents/Unreal Projects/Tutorial/Content/StarterContent/Audio/Starter_Music01.ubulk" 764
"C:/Users/benja/OneDrive/Documents/Unreal Projects/Tutorial/Content/StarterContent/Audio/Starter_Music01.uasset" 765
"C:/Users/benja/OneDrive/Documents/Unreal Projects/Tutorial/Content/StarterContent/Audio/Starter_Music01.uexp" 766
"C:/Users/benja/OneDrive/Documents/Unreal Projects/Tutorial/Content/StarterContent/Audio/Starter_Birds01.ubulk" 767
"C:/Users/benja/OneDrive/Documents/Unreal Projects/Tutorial/Content/StarterContent/Audio/Starter_Birds01.uasset" 768
"C:/Users/benja/OneDrive/Documents/Unreal Projects/Tutorial/Content/StarterContent/Audio/Starter_Birds01.uexp" 769
"../../../Engine/Content/Maps/Entry_BuiltData.uasset" 770
"../../../Engine/Content/Maps/Entry_BuiltData.uexp" 771
"../../../Engine/Content/Maps/Entry.uexp" 772
"../../../Engine/Content/Maps/Entry.umap" 773
"../../../Engine/Content/BasicShapes/Cube.ubulk" 774
"../../../Engine/Content/BasicShapes/Cube.uasset" 775
"../../../Engine/Content/BasicShapes/Cube.uexp" 776
"C:/Users/benja/OneDrive/Documents/Unreal Projects/Tutorial/Content/StarterContent/Textures/T_Frame_M.ubulk" 777
"C:/Users/benja/OneDrive/Documents/Unreal Projects/Tutorial/Content/StarterContent/Textures/T_Frame_M.uasset" 778
"C:/Users/benja/OneDrive/Documents/Unreal Projects/Tutorial/Content/StarterContent/Textures/T_Frame_M.uexp" 779
"C:/Users/benja/OneDrive/Documents/Unreal Projects/Tutorial/Content/StarterContent/Textures/T_Frame_N.ubulk" 780
"C:/Users/benja/OneDrive/Documents/Unreal Projects/Tutorial/Content/StarterContent/Textures/T_Frame_N.uasset" 781
"C:/Users/benja/OneDrive/Documents/Unreal Projects/Tutorial/Content/StarterContent/Textures/T_Frame_N.uexp" 782
"C:/Users/benja/OneDrive/Documents/Unreal Projects/Tutorial/Content/StarterContent/Props/Materials/M_Frame.uasset" 783
"C:/Users/benja/OneDrive/Documents/Unreal Projects/Tutorial/Content/StarterContent/Props/Materials/M_Frame.uexp" 784
"C:/Users/benja/OneDrive/Documents/Unreal Projects/Tutorial/Content/StarterContent/Props/SM_DoorFrame.ubulk" 785
"C:/Users/benja/OneDrive/Documents/Unreal Projects/Tutorial/Content/StarterContent/Props/SM_DoorFrame.uasset" 786
"C:/Users/benja/OneDrive/Documents/Unreal Projects/Tutorial/Content/StarterContent/Props/SM_DoorFrame.uexp" 787
"C:/Users/benja/OneDrive/Documents/Unreal Projects/Tutorial/Content/StarterContent/Textures/T_Fire_Tiled_D.ubulk" 788
"C:/Users/benja/OneDrive/Documents/Unreal Projects/Tutorial/Content/StarterContent/Textures/T_Fire_Tiled_D.uasset" 789
"C:/Users/benja/OneDrive/Documents/Unreal Projects/Tutorial/Content/StarterContent/Textures/T_Fire_Tiled_D.uexp" 790
"C:/Users/benja/OneDrive/Documents/Unreal Projects/Tutorial/Content/StarterContent/Textures/T_Fire_SubUV.ubulk" 791
"C:/Users/benja/OneDrive/Documents/Unreal Projects/Tutorial/Content/StarterContent/Textures/T_Fire_SubUV.uasset" 792
"C:/Users/benja/OneDrive/Documents/Unreal Projects/Tutorial/Content/StarterContent/Textures/T_Fire_SubUV.uexp" 793
"C:/Users/benja/OneDrive/Documents/Unreal Projects/Tutorial/Content/StarterContent/Particles/Materials/M_Fire_SubUV.uasset" 794
"C:/Users/benja/OneDrive/Documents/Unreal Projects/Tutorial/Content/StarterContent/Particles/Materials/M_Fire_SubUV.uexp" 795
"C:/Users/benja/OneDrive/Documents/Unreal Projects/Tutorial/Content/StarterContent/Textures/T_Smoke_SubUV.ubulk" 796
"C:/Users/benja/OneDrive/Documents/Unreal Projects/Tutorial/Content/StarterContent/Textures/T_Smoke_SubUV.uasset" 797
"C:/Users/benja/OneDrive/Documents/Unreal Projects/Tutorial/Content/StarterContent/Textures/T_Smoke_SubUV.uexp" 798
"C:/Users/benja/OneDrive/Documents/Unreal Projects/Tutorial/Content/StarterContent/Textures/T_Smoke_Tiled_D.ubulk" 799
"C:/Users/benja/OneDrive/Documents/Unreal Projects/Tutorial/Content/StarterContent/Textures/T_Smoke_Tiled_D.uasset" 800
"C:/Users/benja/OneDrive/Documents/Unreal Projects/Tutorial/Content/StarterContent/Textures/T_Smoke_Tiled_D.uexp" 801
"C:/Users/benja/OneDrive/Documents/Unreal Projects/Tutorial/Content/StarterContent/Particles/Materials/M_smoke_subUV.uasset" 802
"C:/Users/benja/OneDrive/Documents/Unreal Projects/Tutorial/Content/StarterContent/Particles/Materials/M_smoke_subUV.uexp" 803
"C:/Users/benja/OneDrive/Documents/Unreal Projects/Tutorial/Content/StarterContent/Textures/T_Water_N.ubulk" 804
"C:/Users/benja/OneDrive/Documents/Unreal Projects/Tutorial/Content/StarterContent/Textures/T_Water_N.uasset" 805
"C:/Users/benja/OneDrive/Documents/Unreal Projects/Tutorial/Content/StarterContent/Textures/T_Water_N.uexp" 806
"C:/Users/benja/OneDrive/Documents/Unreal Projects/Tutorial/Content/StarterContent/Particles/Materials/M_Heat_Distortion.uasset" 807
"C:/Users/benja/OneDrive/Documents/Unreal Projects/Tutorial/Content/StarterContent/Particles/Materials/M_Heat_Distortion.uexp" 808
"../../../Engine/Content/Functions/Engine_MaterialFunctions01/Gradient/RadialGradient.uasset" 809
"../../../Engine/Content/Functions/Engine_MaterialFunctions01/Gradient/RadialGradient.uexp" 810
"C:/Users/benja/OneDrive/Documents/Unreal Projects/Tutorial/Content/StarterContent/Particles/Materials/M_Radial_Gradient.uasset" 811
"C:/Users/benja/OneDrive/Documents/Unreal Projects/Tutorial/Content/StarterContent/Particles/Materials/M_Radial_Gradient.uexp" 812
"C:/Users/benja/OneDrive/Documents/Unreal Projects/Tutorial/Content/StarterContent/Particles/P_Fire.uasset" 813
"C:/Users/benja/OneDrive/Documents/Unreal Projects/Tutorial/Content/StarterContent/Particles/P_Fire.uexp" 814
"C:/Users/benja/OneDrive/Documents/Unreal Projects/Tutorial/Content/StarterContent/Materials/M_Basic_Wall.uasset" 815
"C:/Users/benja/OneDrive/Documents/Unreal Projects/Tutorial/Content/StarterContent/Materials/M_Basic_Wall.uexp" 816
"C:/Users/benja/OneDrive/Documents/Unreal Projects/Tutorial/Content/StarterContent/Shapes/Shape_Cylinder.ubulk" 817
"C:/Users/benja/OneDrive/Documents/Unreal Projects/Tutorial/Content/StarterContent/Shapes/Shape_Cylinder.uasset" 818
"C:/Users/benja/OneDrive/Documents/Unreal Projects/Tutorial/Content/StarterContent/Shapes/Shape_Cylinder.uexp" 819
"C:/Users/benja/OneDrive/Documents/Unreal Projects/Tutorial/Content/Mygame/platform.uasset" 820
"C:/Users/benja/OneDrive/Documents/Unreal Projects/Tutorial/Content/Mygame/platform.uexp" 821
"C:/Users/benja/OneDrive/Documents/Unreal Projects/Tutorial/Content/StarterContent/Textures/T_Lamp_N.ubulk" 822
"C:/Users/benja/OneDrive/Documents/Unreal Projects/Tutorial/Content/StarterContent/Textures/T_Lamp_N.uasset" 823
"C:/Users/benja/OneDrive/Documents/Unreal Projects/Tutorial/Content/StarterContent/Textures/T_Lamp_N.uexp" 824
"C:/Users/benja/OneDrive/Documents/Unreal Projects/Tutorial/Content/StarterContent/Textures/T_Lamp_M.ubulk" 825
"C:/Users/benja/OneDrive/Documents/Unreal Projects/Tutorial/Content/StarterContent/Textures/T_Lamp_M.uasset" 826
"C:/Users/benja/OneDrive/Documents/Unreal Projects/Tutorial/Content/StarterContent/Textures/T_Lamp_M.uexp" 827
"C:/Users/benja/OneDrive/Documents/Unreal Projects/Tutorial/Content/StarterContent/Props/Materials/M_Lamp.uasset" 828
"C:/Users/benja/OneDrive/Documents/Unreal Projects/Tutorial/Content/StarterContent/Props/Materials/M_Lamp.uexp" 829
"C:/Users/benja/OneDrive/Documents/Unreal Projects/Tutorial/Content/StarterContent/Props/SM_Lamp_Ceiling.ubulk" 830
"C:/Users/benja/OneDrive/Documents/Unreal Projects/Tutorial/Content/StarterContent/Props/SM_Lamp_Ceiling.uasset" 831
"C:/Users/benja/OneDrive/Documents/Unreal Projects/Tutorial/Content/StarterContent/Props/SM_Lamp_Ceiling.uexp" 832
"../../../Engine/Content/BasicShapes/Sphere.ubulk" 833
"../../../Engine/Content/BasicShapes/Sphere.uasset" 834
"../../../Engine/Content/BasicShapes/Sphere.uexp" 835
"C:/Users/benja/OneDrive/Documents/Unreal Projects/Tutorial/Content/StarterContent/Materials/M_Glass.uasset" 836
"C:/Users/benja/OneDrive/Documents/Unreal Projects/Tutorial/Content/StarterContent/Materials/M_Glass.uexp" 837
"C:/Users/benja/OneDrive/Documents/Unreal Projects/Tutorial/Content/StarterContent/Audio/Fire01.ubulk" 838
"C:/Users/benja/OneDrive/Documents/Unreal Projects/Tutorial/Content/StarterContent/Audio/Fire01.uasset" 839
"C:/Users/benja/OneDrive/Documents/Unreal Projects/Tutorial/Content/StarterContent/Audio/Fire01.uexp" 840
"C:/Users/benja/OneDrive/Documents/Unreal Projects/Tutorial/Content/StarterContent/Audio/Fire01_Cue.uasset" 841
"C:/Users/benja/OneDrive/Documents/Unreal Projects/Tutorial/Content/StarterContent/Audio/Fire01_Cue.uexp" 842
"C:/Users/benja/OneDrive/Documents/Unreal Projects/Tutorial/Content/Mygame/ennemy.uasset" 843
"C:/Users/benja/OneDrive/Documents/Unreal Projects/Tutorial/Content/Mygame/ennemy.uexp" 844
"C:/Users/benja/OneDrive/Documents/Unreal Projects/Tutorial/Content/StarterContent/Textures/T_Perlin_Noise_M.ubulk" 845
"C:/Users/benja/OneDrive/Documents/Unreal Projects/Tutorial/Content/StarterContent/Textures/T_Perlin_Noise_M.uasset" 846
"C:/Users/benja/OneDrive/Documents/Unreal Projects/Tutorial/Content/StarterContent/Textures/T_Perlin_Noise_M.uexp" 847
"C:/Users/benja/OneDrive/Documents/Unreal Projects/Tutorial/Content/StarterContent/Textures/T_MacroVariation.uasset" 848
"C:/Users/benja/OneDrive/Documents/Unreal Projects/Tutorial/Content/StarterContent/Textures/T_MacroVariation.uexp" 849
"C:/Users/benja/OneDrive/Documents/Unreal Projects/Tutorial/Content/StarterContent/Textures/T_Brick_Cut_Stone_N.ubulk" 850
"C:/Users/benja/OneDrive/Documents/Unreal Projects/Tutorial/Content/StarterContent/Textures/T_Brick_Cut_Stone_N.uasset" 851
"C:/Users/benja/OneDrive/Documents/Unreal Projects/Tutorial/Content/StarterContent/Textures/T_Brick_Cut_Stone_N.uexp" 852
"C:/Users/benja/OneDrive/Documents/Unreal Projects/Tutorial/Content/StarterContent/Textures/T_Brick_Cut_Stone_D.ubulk" 853
"C:/Users/benja/OneDrive/Documents/Unreal Projects/Tutorial/Content/StarterContent/Textures/T_Brick_Cut_Stone_D.uasset" 854
"C:/Users/benja/OneDrive/Documents/Unreal Projects/Tutorial/Content/StarterContent/Textures/T_Brick_Cut_Stone_D.uexp" 855
"C:/Users/benja/OneDrive/Documents/Unreal Projects/Tutorial/Content/StarterContent/Materials/M_Brick_Cut_Stone.uasset" 856
"C:/Users/benja/OneDrive/Documents/Unreal Projects/Tutorial/Content/StarterContent/Materials/M_Brick_Cut_Stone.uexp" 857
"C:/Users/benja/OneDrive/Documents/Unreal Projects/Tutorial/Content/StarterContent/Props/SM_GlassWindow.ubulk" 858
"C:/Users/benja/OneDrive/Documents/Unreal Projects/Tutorial/Content/StarterContent/Props/SM_GlassWindow.uasset" 859
"C:/Users/benja/OneDrive/Documents/Unreal Projects/Tutorial/Content/StarterContent/Props/SM_GlassWindow.uexp" 860
"C:/Users/benja/OneDrive/Documents/Unreal Projects/Tutorial/Content/StarterContent/Textures/T_Door_N.ubulk" 861
"C:/Users/benja/OneDrive/Documents/Unreal Projects/Tutorial/Content/StarterContent/Textures/T_Door_N.uasset" 862
"C:/Users/benja/OneDrive/Documents/Unreal Projects/Tutorial/Content/StarterContent/Textures/T_Door_N.uexp" 863
"C:/Users/benja/OneDrive/Documents/Unreal Projects/Tutorial/Content/StarterContent/Textures/T_Door_M.ubulk" 864
"C:/Users/benja/OneDrive/Documents/Unreal Projects/Tutorial/Content/StarterContent/Textures/T_Door_M.uasset" 865
"C:/Users/benja/OneDrive/Documents/Unreal Projects/Tutorial/Content/StarterContent/Textures/T_Door_M.uexp" 866
"C:/Users/benja/OneDrive/Documents/Unreal Projects/Tutorial/Content/StarterContent/Props/Materials/M_Door.uasset" 867
"C:/Users/benja/OneDrive/Documents/Unreal Projects/Tutorial/Content/StarterContent/Props/Materials/M_Door.uexp" 868
"C:/Users/benja/OneDrive/Documents/Unreal Projects/Tutorial/Content/StarterContent/Props/SM_Door.ubulk" 869
"C:/Users/benja/OneDrive/Documents/Unreal Projects/Tutorial/Content/StarterContent/Props/SM_Door.uasset" 870
"C:/Users/benja/OneDrive/Documents/Unreal Projects/Tutorial/Content/StarterContent/Props/SM_Door.uexp" 871
"C:/Users/benja/OneDrive/Documents/Unreal Projects/Tutorial/Content/Mygame/door.uasset" 872
"C:/Users/benja/OneDrive/Documents/Unreal Projects/Tutorial/Content/Mygame/door.uexp" 873
"C:/Users/benja/OneDrive/Documents/Unreal Projects/Tutorial/Content/StarterContent/Textures/T_Wood_Floor_Walnut_M.ubulk" 874
"C:/Users/benja/OneDrive/Documents/Unreal Projects/Tutorial/Content/StarterContent/Textures/T_Wood_Floor_Walnut_M.uasset" 875
"C:/Users/benja/OneDrive/Documents/Unreal Projects/Tutorial/Content/StarterContent/Textures/T_Wood_Floor_Walnut_M.uexp" 876
"C:/Users/benja/OneDrive/Documents/Unreal Projects/Tutorial/Content/StarterContent/Textures/T_Wood_Floor_Walnut_D.ubulk" 877
"C:/Users/benja/OneDrive/Documents/Unreal Projects/Tutorial/Content/StarterContent/Textures/T_Wood_Floor_Walnut_D.uasset" 878
"C:/Users/benja/OneDrive/Documents/Unreal Projects/Tutorial/Content/StarterContent/Textures/T_Wood_Floor_Walnut_D.uexp" 879
"C:/Users/benja/OneDrive/Documents/Unreal Projects/Tutorial/Content/StarterContent/Textures/T_Wood_Floor_Walnut_N.ubulk" 880
"C:/Users/benja/OneDrive/Documents/Unreal Projects/Tutorial/Content/StarterContent/Textures/T_Wood_Floor_Walnut_N.uasset" 881
"C:/Users/benja/OneDrive/Documents/Unreal Projects/Tutorial/Content/StarterContent/Textures/T_Wood_Floor_Walnut_N.uexp" 882
"C:/Users/benja/OneDrive/Documents/Unreal Projects/Tutorial/Content/StarterContent/Materials/M_Wood_Floor_Walnut_Polished.uasset" 883
"C:/Users/benja/OneDrive/Documents/Unreal Projects/Tutorial/Content/StarterContent/Materials/M_Wood_Floor_Walnut_Polished.uexp" 884
"C:/Users/benja/OneDrive/Documents/Unreal Projects/Tutorial/Content/StarterContent/Textures/T_TableRound_N.ubulk" 885
"C:/Users/benja/OneDrive/Documents/Unreal Projects/Tutorial/Content/StarterContent/Textures/T_TableRound_N.uasset" 886
"C:/Users/benja/OneDrive/Documents/Unreal Projects/Tutorial/Content/StarterContent/Textures/T_TableRound_N.uexp" 887
"C:/Users/benja/OneDrive/Documents/Unreal Projects/Tutorial/Content/StarterContent/Textures/T_TableRound_M.ubulk" 888
"C:/Users/benja/OneDrive/Documents/Unreal Projects/Tutorial/Content/StarterContent/Textures/T_TableRound_M.uasset" 889
"C:/Users/benja/OneDrive/Documents/Unreal Projects/Tutorial/Content/StarterContent/Textures/T_TableRound_M.uexp" 890
"C:/Users/benja/OneDrive/Documents/Unreal Projects/Tutorial/Content/StarterContent/Props/Materials/M_TableRound.uasset" 891
"C:/Users/benja/OneDrive/Documents/Unreal Projects/Tutorial/Content/StarterContent/Props/Materials/M_TableRound.uexp" 892
"C:/Users/benja/OneDrive/Documents/Unreal Projects/Tutorial/Content/StarterContent/Props/SM_TableRound.ubulk" 893
"C:/Users/benja/OneDrive/Documents/Unreal Projects/Tutorial/Content/StarterContent/Props/SM_TableRound.uasset" 894
"C:/Users/benja/OneDrive/Documents/Unreal Projects/Tutorial/Content/StarterContent/Props/SM_TableRound.uexp" 895
"C:/Users/benja/OneDrive/Documents/Unreal Projects/Tutorial/Content/Mygame/demo_BuiltData.uasset" 896
"C:/Users/benja/OneDrive/Documents/Unreal Projects/Tutorial/Content/Mygame/demo_BuiltData.uexp" 897
"../../../Engine/Content/BasicShapes/BasicShapeMaterial.uasset" 898
"../../../Engine/Content/BasicShapes/BasicShapeMaterial.uexp" 899
"C:/Users/benja/OneDrive/Documents/Unreal Projects/Tutorial/Content/StarterContent/Textures/T_Rock_Smooth_Granite_D.ubulk" 900
"C:/Users/benja/OneDrive/Documents/Unreal Projects/Tutorial/Content/StarterContent/Textures/T_Rock_Smooth_Granite_D.uasset" 901
"C:/Users/benja/OneDrive/Documents/Unreal Projects/Tutorial/Content/StarterContent/Textures/T_Rock_Smooth_Granite_D.uexp" 902
"C:/Users/benja/OneDrive/Documents/Unreal Projects/Tutorial/Content/StarterContent/Textures/T_CobbleStone_Rough_N.ubulk" 903
"C:/Users/benja/OneDrive/Documents/Unreal Projects/Tutorial/Content/StarterContent/Textures/T_CobbleStone_Rough_N.uasset" 904
"C:/Users/benja/OneDrive/Documents/Unreal Projects/Tutorial/Content/StarterContent/Textures/T_CobbleStone_Rough_N.uexp" 905
"C:/Users/benja/OneDrive/Documents/Unreal Projects/Tutorial/Content/StarterContent/Textures/T_Gradinet_01.ubulk" 906
"C:/Users/benja/OneDrive/Documents/Unreal Projects/Tutorial/Content/StarterContent/Textures/T_Gradinet_01.uasset" 907
"C:/Users/benja/OneDrive/Documents/Unreal Projects/Tutorial/Content/StarterContent/Textures/T_Gradinet_01.uexp" 908
"C:/Users/benja/OneDrive/Documents/Unreal Projects/Tutorial/Content/StarterContent/Textures/T_CobbleStone_Rough_D.ubulk" 909
"C:/Users/benja/OneDrive/Documents/Unreal Projects/Tutorial/Content/StarterContent/Textures/T_CobbleStone_Rough_D.uasset" 910
"C:/Users/benja/OneDrive/Documents/Unreal Projects/Tutorial/Content/StarterContent/Textures/T_CobbleStone_Rough_D.uexp" 911
"C:/Users/benja/OneDrive/Documents/Unreal Projects/Tutorial/Content/StarterContent/Materials/M_CobbleStone_Rough.uasset" 912
"C:/Users/benja/OneDrive/Documents/Unreal Projects/Tutorial/Content/StarterContent/Materials/M_CobbleStone_Rough.uexp" 913
"C:/Users/benja/OneDrive/Documents/Unreal Projects/Tutorial/Content/StarterContent/Textures/T_Ground_Grass_D.ubulk" 914
"C:/Users/benja/OneDrive/Documents/Unreal Projects/Tutorial/Content/StarterContent/Textures/T_Ground_Grass_D.uasset" 915
"C:/Users/benja/OneDrive/Documents/Unreal Projects/Tutorial/Content/StarterContent/Textures/T_Ground_Grass_D.uexp" 916
"C:/Users/benja/OneDrive/Documents/Unreal Projects/Tutorial/Content/StarterContent/Textures/T_Ground_Grass_N.ubulk" 917
"C:/Users/benja/OneDrive/Documents/Unreal Projects/Tutorial/Content/StarterContent/Textures/T_Ground_Grass_N.uasset" 918
"C:/Users/benja/OneDrive/Documents/Unreal Projects/Tutorial/Content/StarterContent/Textures/T_Ground_Grass_N.uexp" 919
"C:/Users/benja/OneDrive/Documents/Unreal Projects/Tutorial/Content/StarterContent/Materials/M_Ground_Grass.uasset" 920
"C:/Users/benja/OneDrive/Documents/Unreal Projects/Tutorial/Content/StarterContent/Materials/M_Ground_Grass.uexp" 921
"C:/Users/benja/OneDrive/Documents/Unreal Projects/Tutorial/Content/StarterContent/Audio/Starter_Background_Cue.uasset" 922
"C:/Users/benja/OneDrive/Documents/Unreal Projects/Tutorial/Content/StarterContent/Audio/Starter_Background_Cue.uexp" 923
"C:/Users/benja/OneDrive/Documents/Unreal Projects/Tutorial/Content/StarterContent/Audio/Starter_Music_Cue.uasset" 924
"C:/Users/benja/OneDrive/Documents/Unreal Projects/Tutorial/Content/StarterContent/Audio/Starter_Music_Cue.uexp" 925
"../../../Engine/Content/Functions/Engine_MaterialFunctions02/Utility/BlendAngleCorrectedNormals.uasset" 926
"../../../Engine/Content/Functions/Engine_MaterialFunctions02/Utility/BlendAngleCorrectedNormals.uexp" 927
"C:/Users/benja/OneDrive/Documents/Unreal Projects/Tutorial/Content/StarterContent/Textures/T_Water_M.ubulk" 928
"C:/Users/benja/OneDrive/Documents/Unreal Projects/Tutorial/Content/StarterContent/Textures/T_Water_M.uasset" 929
"C:/Users/benja/OneDrive/Documents/Unreal Projects/Tutorial/Content/StarterContent/Textures/T_Water_M.uexp" 930
"C:/Users/benja/OneDrive/Documents/Unreal Projects/Tutorial/Content/StarterContent/Materials/M_Water_Ocean.uasset" 931
"C:/Users/benja/OneDrive/Documents/Unreal Projects/Tutorial/Content/StarterContent/Materials/M_Water_Ocean.uexp" 932
"C:/Users/benja/OneDrive/Documents/Unreal Projects/Tutorial/Content/StarterContent/Shapes/Shape_Sphere.ubulk" 933
"C:/Users/benja/OneDrive/Documents/Unreal Projects/Tutorial/Content/StarterContent/Shapes/Shape_Sphere.uasset" 934
"C:/Users/benja/OneDrive/Documents/Unreal Projects/Tutorial/Content/StarterContent/Shapes/Shape_Sphere.uexp" 935
"C:/Users/benja/OneDrive/Documents/Unreal Projects/Tutorial/Content/Mygame/orb.uasset" 936
"C:/Users/benja/OneDrive/Documents/Unreal Projects/Tutorial/Content/Mygame/orb.uexp" 937
"C:/Users/benja/OneDrive/Documents/Unreal Projects/Tutorial/Content/StarterContent/Textures/T_Chair_N.ubulk" 938
"C:/Users/benja/OneDrive/Documents/Unreal Projects/Tutorial/Content/StarterContent/Textures/T_Chair_N.uasset" 939
"C:/Users/benja/OneDrive/Documents/Unreal Projects/Tutorial/Content/StarterContent/Textures/T_Chair_N.uexp" 940
"C:/Users/benja/OneDrive/Documents/Unreal Projects/Tutorial/Content/StarterContent/Textures/T_Chair_M.ubulk" 941
"C:/Users/benja/OneDrive/Documents/Unreal Projects/Tutorial/Content/StarterContent/Textures/T_Chair_M.uasset" 942
"C:/Users/benja/OneDrive/Documents/Unreal Projects/Tutorial/Content/StarterContent/Textures/T_Chair_M.uexp" 943
"C:/Users/benja/OneDrive/Documents/Unreal Projects/Tutorial/Content/StarterContent/Props/Materials/M_Chair.uasset" 944
"C:/Users/benja/OneDrive/Documents/Unreal Projects/Tutorial/Content/StarterContent/Props/Materials/M_Chair.uexp" 945
"C:/Users/benja/OneDrive/Documents/Unreal Projects/Tutorial/Content/StarterContent/Props/SM_Chair.ubulk" 946
"C:/Users/benja/OneDrive/Documents/Unreal Projects/Tutorial/Content/StarterContent/Props/SM_Chair.uasset" 947
"C:/Users/benja/OneDrive/Documents/Unreal Projects/Tutorial/Content/StarterContent/Props/SM_Chair.uexp" 948
"C:/Users/benja/OneDrive/Documents/Unreal Projects/Tutorial/Content/Mygame/demo.uexp" 949
"C:/Users/benja/OneDrive/Documents/Unreal Projects/Tutorial/Content/Mygame/demo.umap" 950
